<?xml version="1.0" encoding="UTF-8"?>
<testsuite xmlns:xsi="http://www.w3.org/2001/XMLSchema-instance" xsi:noNamespaceSchemaLocation="https://maven.apache.org/surefire/maven-surefire-plugin/xsd/surefire-test-report-3.0.xsd" version="3.0" name="ar.edu.utn.frc.k5a.parcial.servicios.LiquidacionServiceImplTest" time="2.295" tests="4" errors="0" skipped="0" failures="0">
  <properties>
[...]
</properties>
  <testcase name="testGenerarLiquidacion" classname="ar.edu.utn.frc.k5a.parcial.servicios.LiquidacionServiceImplTest" time="1.859">
    <system-out><![CDATA[Hibernate: 
    drop table if exists CONSUMOS cascade 
Hibernate: 
    drop table if exists COTIZACIONES cascade 
Hibernate: 
    drop table if exists LIQUIDACIONES cascade 
Hibernate: 
    drop table if exists TARJETAS cascade 
Hibernate: 
    CREATE TABLE COTIZACIONES (
        MONEDA VARCHAR(3) PRIMARY KEY,
        TASA_CAMBIO FLOAT NOT NULL
    )
Hibernate: 
    CREATE TABLE TARJETAS (
        ID BIGINT AUTO_INCREMENT PRIMARY KEY,
        NUMERO VARCHAR(16) NOT NULL UNIQUE,
        TITULAR VARCHAR(100) NOT NULL,
        LIMITE_CREDITO FLOAT NOT NULL
    )
Hibernate: 
    CREATE TABLE CONSUMOS (
        ID BIGINT AUTO_INCREMENT PRIMARY KEY,
        ID_TARJETA BIGINT NOT NULL,
        MONTO FLOAT NOT NULL,
        DIA INT NOT NULL,
        MES INT NOT NULL,
        ANIO INT NOT NULL,
        RUBRO VARCHAR(20) NOT NULL,
        MONEDA VARCHAR(3) NOT NULL,
        CONSTRAINT fk_consumo_tarjeta FOREIGN KEY (ID_TARJETA) REFERENCES TARJETAS(ID)
    )
Hibernate: 
    CREATE TABLE LIQUIDACIONES (
        ID BIGINT AUTO_INCREMENT PRIMARY KEY,
        ID_TARJETA BIGINT NOT NULL,
        MES INT NOT NULL,
        ANIO INT NOT NULL,
        TOTAL_A_PAGAR FLOAT NOT NULL,
        TOTAL_CONSUMOS FLOAT NOT NULL,
        TOTAL_IMPUESTOS FLOAT NOT NULL,
        TOTAL_DESCUENTOS FLOAT NOT NULL,
        CONSTRAINT fk_liquidacion_tarjeta FOREIGN KEY (ID_TARJETA) REFERENCES TARJETAS(ID)
    )
Hibernate: INSERT INTO COTIZACIONES (MONEDA, TASA_CAMBIO) VALUES ('ARS', 1.00), ('USD', 1550.00), ('EUR', 1680.00), ('BRL', 280.00), ('CLP', 1.45)
Hibernate: INSERT INTO TARJETAS (NUMERO, TITULAR, LIMITE_CREDITO) VALUES ('4500123412340001', 'Juan Perez', 1500000.0), ('4500123412340002', 'Maria Gomez', 1200000.0), ('4500123412340003', 'Carlos Diaz', 2000000.0), ('4500123412340004', 'Ana Martinez', 800000.0), ('4500123412340005', 'Pedro Sanchez', 1000000.0), ('4500123412340006', 'Laura Torres', 950000.0), ('4500123412340007', 'Diego Lopez', 1100000.0), ('4500123412340008', 'Sofia Ramirez', 1300000.0), ('4500123412340009', 'Jorge Romero', 1600000.0), ('4500123412340010', 'Lucia Fernandez', 1800000.0)
Hibernate: INSERT INTO CONSUMOS (ID_TARJETA, MONTO, DIA, MES, ANIO, RUBRO, MONEDA) VALUES (1, 4500.0, 1, 5, 2026, 'SUPERMERCADO', 'ARS'), (1, 20.0, 2, 5, 2026, 'OTROS', 'USD'), (1, 8000.0, 3, 5, 2026, 'COMBUSTIBLE', 'ARS'), (1, 55.0, 5, 5, 2026, 'INDUMENTARIA', 'EUR'), (1, 12000.0, 6, 5, 2026, 'RESTAURANTES', 'ARS'), (1, 3500.0, 8, 5, 2026, 'SUPERMERCADO', 'ARS'), (1, 15.0, 10, 5, 2026, 'OTROS', 'USD'), (1, 9000.0, 12, 5, 2026, 'COMBUSTIBLE', 'ARS'), (1, 40.0, 14, 5, 2026, 'INDUMENTARIA', 'EUR'), (1, 15000.0, 16, 5, 2026, 'RESTAURANTES', 'ARS'), (1, 5500.0, 18, 5, 2026, 'SUPERMERCADO', 'ARS'), (1, 25.0, 20, 5, 2026, 'OTROS', 'USD'), (1, 7500.0, 22, 5, 2026, 'COMBUSTIBLE', 'ARS'), (1, 60.0, 25, 5, 2026, 'INDUMENTARIA', 'EUR'), (1, 18000.0, 28, 5, 2026, 'RESTAURANTES', 'ARS')
Hibernate: INSERT INTO CONSUMOS (ID_TARJETA, MONTO, DIA, MES, ANIO, RUBRO, MONEDA) VALUES (2, 45000.0, 1, 5, 2026, 'INDUMENTARIA', 'ARS'), (2, 12.5, 4, 5, 2026, 'OTROS', 'USD'), (2, 30000.0, 8, 5, 2026, 'SUPERMERCADO', 'ARS'), (2, 5000.0, 12, 5, 2026, 'COMBUSTIBLE', 'ARS'), (2, 100.0, 18, 5, 2026, 'RESTAURANTES', 'BRL'), (2, 22000.0, 22, 5, 2026, 'SUPERMERCADO', 'ARS'), (2, 15.0, 28, 5, 2026, 'OTROS', 'USD')
Hibernate: INSERT INTO CONSUMOS (ID_TARJETA, MONTO, DIA, MES, ANIO, RUBRO, MONEDA) VALUES (3, 120.0, 5, 5, 2026, 'OTROS', 'USD'), (3, 45.0, 6, 5, 2026, 'SUPERMERCADO', 'EUR'), (3, 800.0, 10, 5, 2026, 'RESTAURANTES', 'BRL'), (3, 15000.0, 12, 5, 2026, 'OTROS', 'CLP'), (3, 15.0, 25, 5, 2026, 'INDUMENTARIA', 'USD'), (3, 60000.0, 28, 5, 2026, 'COMBUSTIBLE', 'ARS')
Hibernate: INSERT INTO CONSUMOS (ID_TARJETA, MONTO, DIA, MES, ANIO, RUBRO, MONEDA) VALUES (4, 20000.0, 15, 4, 2026, 'OTROS', 'ARS'), (4, 5000.0, 28, 4, 2026, 'COMBUSTIBLE', 'ARS'), (4, 35000.0, 2, 5, 2026, 'SUPERMERCADO', 'ARS'), (4, 10000.0, 18, 5, 2026, 'RESTAURANTES', 'ARS'), (4, 25.0, 20, 5, 2026, 'INDUMENTARIA', 'USD')
Hibernate: INSERT INTO CONSUMOS (ID_TARJETA, MONTO, DIA, MES, ANIO, RUBRO, MONEDA) VALUES (5, 10000.0, 1, 5, 2026, 'SUPERMERCADO', 'ARS'), (5, 15000.0, 8, 5, 2026, 'SUPERMERCADO', 'ARS'), (5, 22000.0, 15, 5, 2026, 'SUPERMERCADO', 'ARS'), (5, 8000.0, 22, 5, 2026, 'SUPERMERCADO', 'ARS'), (5, 4000.0, 23, 5, 2026, 'COMBUSTIBLE', 'ARS'), (5, 12000.0, 25, 5, 2026, 'RESTAURANTES', 'ARS'), (5, 50.0, 27, 5, 2026, 'OTROS', 'USD'), (5, 18000.0, 29, 5, 2026, 'INDUMENTARIA', 'ARS')
Hibernate: INSERT INTO CONSUMOS (ID_TARJETA, MONTO, DIA, MES, ANIO, RUBRO, MONEDA) VALUES (6, 25000.0, 2, 5, 2026, 'OTROS', 'ARS'), (6, 45.0, 10, 5, 2026, 'INDUMENTARIA', 'EUR'), (6, 32000.0, 15, 5, 2026, 'SUPERMERCADO', 'ARS'), (6, 8500.0, 20, 5, 2026, 'COMBUSTIBLE', 'ARS'), (6, 120.0, 28, 5, 2026, 'RESTAURANTES', 'BRL'), (6, 4000.0, 3, 5, 2026, 'OTROS', 'ARS'), (6, 25.0, 6, 5, 2026, 'INDUMENTARIA', 'USD'), (6, 15000.0, 12, 5, 2026, 'SUPERMERCADO', 'ARS'), (6, 6500.0, 18, 5, 2026, 'COMBUSTIBLE', 'ARS'), (6, 80.0, 22, 5, 2026, 'RESTAURANTES', 'EUR'), (6, 12000.0, 25, 5, 2026, 'OTROS', 'ARS'), (6, 35.0, 27, 5, 2026, 'INDUMENTARIA', 'USD')
Hibernate: INSERT INTO CONSUMOS (ID_TARJETA, MONTO, DIA, MES, ANIO, RUBRO, MONEDA) VALUES (7, 5000.0, 3, 5, 2026, 'RESTAURANTES', 'ARS'), (7, 8000.0, 5, 5, 2026, 'SUPERMERCADO', 'ARS'), (7, 12000.0, 8, 5, 2026, 'COMBUSTIBLE', 'ARS'), (7, 4500.0, 12, 5, 2026, 'OTROS', 'ARS'), (7, 25000.0, 15, 5, 2026, 'INDUMENTARIA', 'ARS'), (7, 10.0, 18, 5, 2026, 'OTROS', 'USD'), (7, 30000.0, 22, 5, 2026, 'SUPERMERCADO', 'ARS'), (7, 7500.0, 25, 5, 2026, 'RESTAURANTES', 'ARS'), (7, 15000.0, 28, 5, 2026, 'COMBUSTIBLE', 'ARS')
Hibernate: INSERT INTO CONSUMOS (ID_TARJETA, MONTO, DIA, MES, ANIO, RUBRO, MONEDA) VALUES (8, 40000.0, 3, 5, 2026, 'COMBUSTIBLE', 'ARS'), (8, 55000.0, 14, 5, 2026, 'INDUMENTARIA', 'ARS'), (8, 20.0, 21, 5, 2026, 'OTROS', 'USD'), (8, 15000.0, 24, 5, 2026, 'SUPERMERCADO', 'ARS'), (8, 12000.0, 26, 5, 2026, 'RESTAURANTES', 'ARS'), (8, 30.0, 28, 5, 2026, 'OTROS', 'EUR')
Hibernate: INSERT INTO CONSUMOS (ID_TARJETA, MONTO, DIA, MES, ANIO, RUBRO, MONEDA) VALUES (9, 15000.0, 5, 5, 2026, 'SUPERMERCADO', 'ARS'), (9, 30.0, 11, 5, 2026, 'OTROS', 'EUR'), (9, 8500.0, 15, 5, 2026, 'COMBUSTIBLE', 'ARS'), (9, 22000.0, 18, 5, 2026, 'INDUMENTARIA', 'ARS'), (9, 45.0, 20, 5, 2026, 'RESTAURANTES', 'USD'), (9, 12000.0, 25, 5, 2026, 'SUPERMERCADO', 'ARS'), (9, 5000.0, 28, 5, 2026, 'OTROS', 'ARS')
Hibernate: INSERT INTO CONSUMOS (ID_TARJETA, MONTO, DIA, MES, ANIO, RUBRO, MONEDA) VALUES (10, 50000.0, 2, 5, 2026, 'OTROS', 'ARS'), (10, 100.0, 5, 5, 2026, 'RESTAURANTES', 'USD'), (10, 200.0, 10, 5, 2026, 'SUPERMERCADO', 'BRL'), (10, 25000.0, 28, 5, 2026, 'COMBUSTIBLE', 'ARS'), (10, 15000.0, 4, 5, 2026, 'INDUMENTARIA', 'ARS'), (10, 8000.0, 8, 5, 2026, 'SUPERMERCADO', 'ARS'), (10, 45.0, 12, 5, 2026, 'OTROS', 'EUR'), (10, 32000.0, 16, 5, 2026, 'COMBUSTIBLE', 'ARS'), (10, 18000.0, 20, 5, 2026, 'RESTAURANTES', 'ARS'), (10, 5500.0, 24, 5, 2026, 'OTROS', 'ARS'), (10, 120.0, 26, 5, 2026, 'INDUMENTARIA', 'BRL')
Hibernate: INSERT INTO LIQUIDACIONES (ID_TARJETA, MES, ANIO, TOTAL_A_PAGAR, TOTAL_CONSUMOS, TOTAL_IMPUESTOS, TOTAL_DESCUENTOS) VALUES (1, 5, 2026, 475385.0, 436400.0, 43935.0, 4950.0)
Hibernate: INSERT INTO LIQUIDACIONES (ID_TARJETA, MES, ANIO, TOTAL_A_PAGAR, TOTAL_CONSUMOS, TOTAL_IMPUESTOS, TOTAL_DESCUENTOS) VALUES (2, 5, 2026, 192591.88, 172625.0, 26716.88, 6750.0)
Hibernate: INSERT INTO LIQUIDACIONES (ID_TARJETA, MES, ANIO, TOTAL_A_PAGAR, TOTAL_CONSUMOS, TOTAL_IMPUESTOS, TOTAL_DESCUENTOS) VALUES (3, 5, 2026, 642245.0, 590600.0, 52395.0, 750.0)
Hibernate: INSERT INTO LIQUIDACIONES (ID_TARJETA, MES, ANIO, TOTAL_A_PAGAR, TOTAL_CONSUMOS, TOTAL_IMPUESTOS, TOTAL_DESCUENTOS) VALUES (4, 4, 2026, 31900.0, 25000.0, 7650.0, 750.0)
Hibernate: INSERT INTO LIQUIDACIONES (ID_TARJETA, MES, ANIO, TOTAL_A_PAGAR, TOTAL_CONSUMOS, TOTAL_IMPUESTOS, TOTAL_DESCUENTOS) VALUES (4, 5, 2026, 93106.25, 83750.0, 12356.25, 3000.0)
Hibernate: INSERT INTO LIQUIDACIONES (ID_TARJETA, MES, ANIO, TOTAL_A_PAGAR, TOTAL_CONSUMOS, TOTAL_IMPUESTOS, TOTAL_DESCUENTOS) VALUES (5, 5, 2026, 180802.5, 166500.0, 24502.5, 10200.0)
Hibernate: 
    select
        c1_0.MONEDA,
        c1_0.TASA_CAMBIO 
    from
        COTIZACIONES c1_0
Hibernate: 
    select
        t1_0.id,
        t1_0.LIMITE_CREDITO,
        t1_0.NUMERO,
        t1_0.TITULAR 
    from
        TARJETAS t1_0 
    where
        t1_0.id=?
Hibernate: 
    select
        c1_0.id,
        c1_0.ANIO,
        c1_0.DIA,
        c1_0.MES,
        c1_0.MONEDA,
        c1_0.MONTO,
        c1_0.RUBRO,
        c1_0.ID_TARJETA 
    from
        CONSUMOS c1_0 
    join
        TARJETAS t1_0 
            on t1_0.id=c1_0.ID_TARJETA 
    where
        t1_0.NUMERO=? 
        and c1_0.ANIO=? 
        and c1_0.MES=?
Hibernate: 
    insert 
    into
        LIQUIDACIONES
        (ANIO, MES, ID_TARJETA, TOTAL_A_PAGAR, TOTAL_CONSUMOS, TOTAL_DESCUENTOS, TOTAL_IMPUESTOS, id) 
    values
        (?, ?, ?, ?, ?, ?, ?, default)
]]></system-out>
    <system-err><![CDATA[Jun 29, 2026 7:20:09 PM org.hibernate.jpa.internal.util.LogHelper logPersistenceUnitInformation
INFO: HHH000204: Processing PersistenceUnitInfo [name: LiquidacionesPU]
Jun 29, 2026 7:20:09 PM org.hibernate.Version logVersion
INFO: HHH000412: Hibernate ORM core version 6.4.4.Final
Jun 29, 2026 7:20:09 PM org.hibernate.cache.internal.RegionFactoryInitiator initiateService
INFO: HHH000026: Second-level cache disabled
Jun 29, 2026 7:20:09 PM org.hibernate.engine.jdbc.connections.internal.DriverManagerConnectionProviderImpl configure
WARN: HHH10001002: Using built-in connection pool (not intended for production use)
Jun 29, 2026 7:20:09 PM org.hibernate.engine.jdbc.connections.internal.DriverManagerConnectionProviderImpl buildCreator
INFO: HHH10001005: Loaded JDBC driver class: org.h2.Driver
Jun 29, 2026 7:20:09 PM org.hibernate.engine.jdbc.connections.internal.DriverManagerConnectionProviderImpl buildCreator
INFO: HHH10001012: Connecting with JDBC URL [jdbc:h2:mem:liquidaciones;DB_CLOSE_DELAY=-1]
Jun 29, 2026 7:20:09 PM org.hibernate.engine.jdbc.connections.internal.DriverManagerConnectionProviderImpl buildCreator
INFO: HHH10001001: Connection properties: {password=****, user=sa}
Jun 29, 2026 7:20:09 PM org.hibernate.engine.jdbc.connections.internal.DriverManagerConnectionProviderImpl buildCreator
INFO: HHH10001003: Autocommit mode: false
Jun 29, 2026 7:20:09 PM org.hibernate.engine.jdbc.connections.internal.DriverManagerConnectionProviderImpl$PooledConnections <init>
INFO: HHH10001115: Connection pool size: 20 (min=1)
Jun 29, 2026 7:20:10 PM org.hibernate.engine.transaction.jta.platform.internal.JtaPlatformInitiator initiateService
INFO: HHH000489: No JTA platform available (set 'hibernate.transaction.jta.platform' to enable JTA platform integration)
Jun 29, 2026 7:20:10 PM org.hibernate.resource.transaction.backend.jdbc.internal.DdlTransactionIsolatorNonJtaImpl getIsolatedConnection
INFO: HHH10001501: Connection obtained from JdbcConnectionAccess [org.hibernate.engine.jdbc.env.internal.JdbcEnvironmentInitiator$ConnectionProviderJdbcConnectionAccess@d25e878] for (non-JTA) DDL execution was not in auto-commit mode; the Connection 'local transaction' will be committed and the Connection will be set into auto-commit mode.
Jun 29, 2026 7:20:10 PM org.hibernate.resource.transaction.backend.jdbc.internal.DdlTransactionIsolatorNonJtaImpl getIsolatedConnection
INFO: HHH10001501: Connection obtained from JdbcConnectionAccess [org.hibernate.engine.jdbc.env.internal.JdbcEnvironmentInitiator$ConnectionProviderJdbcConnectionAccess@54495935] for (non-JTA) DDL execution was not in auto-commit mode; the Connection 'local transaction' will be committed and the Connection will be set into auto-commit mode.
Jun 29, 2026 7:20:10 PM org.hibernate.engine.jdbc.connections.internal.DriverManagerConnectionProviderImpl$PoolState stop
INFO: HHH10001008: Cleaning up connection pool [jdbc:h2:mem:liquidaciones;DB_CLOSE_DELAY=-1]
]]></system-err>
  </testcase>
  <testcase name="testLiquidarLote" classname="ar.edu.utn.frc.k5a.parcial.servicios.LiquidacionServiceImplTest" time="0.15">
    <system-out><![CDATA[Hibernate: 
    drop table if exists CONSUMOS cascade 
Hibernate: 
    drop table if exists COTIZACIONES cascade 
Hibernate: 
    drop table if exists LIQUIDACIONES cascade 
Hibernate: 
    drop table if exists TARJETAS cascade 
Hibernate: 
    CREATE TABLE COTIZACIONES (
        MONEDA VARCHAR(3) PRIMARY KEY,
        TASA_CAMBIO FLOAT NOT NULL
    )
Hibernate: 
    CREATE TABLE TARJETAS (
        ID BIGINT AUTO_INCREMENT PRIMARY KEY,
        NUMERO VARCHAR(16) NOT NULL UNIQUE,
        TITULAR VARCHAR(100) NOT NULL,
        LIMITE_CREDITO FLOAT NOT NULL
    )
Hibernate: 
    CREATE TABLE CONSUMOS (
        ID BIGINT AUTO_INCREMENT PRIMARY KEY,
        ID_TARJETA BIGINT NOT NULL,
        MONTO FLOAT NOT NULL,
        DIA INT NOT NULL,
        MES INT NOT NULL,
        ANIO INT NOT NULL,
        RUBRO VARCHAR(20) NOT NULL,
        MONEDA VARCHAR(3) NOT NULL,
        CONSTRAINT fk_consumo_tarjeta FOREIGN KEY (ID_TARJETA) REFERENCES TARJETAS(ID)
    )
Hibernate: 
    CREATE TABLE LIQUIDACIONES (
        ID BIGINT AUTO_INCREMENT PRIMARY KEY,
        ID_TARJETA BIGINT NOT NULL,
        MES INT NOT NULL,
        ANIO INT NOT NULL,
        TOTAL_A_PAGAR FLOAT NOT NULL,
        TOTAL_CONSUMOS FLOAT NOT NULL,
        TOTAL_IMPUESTOS FLOAT NOT NULL,
        TOTAL_DESCUENTOS FLOAT NOT NULL,
        CONSTRAINT fk_liquidacion_tarjeta FOREIGN KEY (ID_TARJETA) REFERENCES TARJETAS(ID)
    )
Hibernate: INSERT INTO COTIZACIONES (MONEDA, TASA_CAMBIO) VALUES ('ARS', 1.00), ('USD', 1550.00), ('EUR', 1680.00), ('BRL', 280.00), ('CLP', 1.45)
Hibernate: INSERT INTO TARJETAS (NUMERO, TITULAR, LIMITE_CREDITO) VALUES ('4500123412340001', 'Juan Perez', 1500000.0), ('4500123412340002', 'Maria Gomez', 1200000.0), ('4500123412340003', 'Carlos Diaz', 2000000.0), ('4500123412340004', 'Ana Martinez', 800000.0), ('4500123412340005', 'Pedro Sanchez', 1000000.0), ('4500123412340006', 'Laura Torres', 950000.0), ('4500123412340007', 'Diego Lopez', 1100000.0), ('4500123412340008', 'Sofia Ramirez', 1300000.0), ('4500123412340009', 'Jorge Romero', 1600000.0), ('4500123412340010', 'Lucia Fernandez', 1800000.0)
Hibernate: INSERT INTO CONSUMOS (ID_TARJETA, MONTO, DIA, MES, ANIO, RUBRO, MONEDA) VALUES (1, 4500.0, 1, 5, 2026, 'SUPERMERCADO', 'ARS'), (1, 20.0, 2, 5, 2026, 'OTROS', 'USD'), (1, 8000.0, 3, 5, 2026, 'COMBUSTIBLE', 'ARS'), (1, 55.0, 5, 5, 2026, 'INDUMENTARIA', 'EUR'), (1, 12000.0, 6, 5, 2026, 'RESTAURANTES', 'ARS'), (1, 3500.0, 8, 5, 2026, 'SUPERMERCADO', 'ARS'), (1, 15.0, 10, 5, 2026, 'OTROS', 'USD'), (1, 9000.0, 12, 5, 2026, 'COMBUSTIBLE', 'ARS'), (1, 40.0, 14, 5, 2026, 'INDUMENTARIA', 'EUR'), (1, 15000.0, 16, 5, 2026, 'RESTAURANTES', 'ARS'), (1, 5500.0, 18, 5, 2026, 'SUPERMERCADO', 'ARS'), (1, 25.0, 20, 5, 2026, 'OTROS', 'USD'), (1, 7500.0, 22, 5, 2026, 'COMBUSTIBLE', 'ARS'), (1, 60.0, 25, 5, 2026, 'INDUMENTARIA', 'EUR'), (1, 18000.0, 28, 5, 2026, 'RESTAURANTES', 'ARS')
Hibernate: INSERT INTO CONSUMOS (ID_TARJETA, MONTO, DIA, MES, ANIO, RUBRO, MONEDA) VALUES (2, 45000.0, 1, 5, 2026, 'INDUMENTARIA', 'ARS'), (2, 12.5, 4, 5, 2026, 'OTROS', 'USD'), (2, 30000.0, 8, 5, 2026, 'SUPERMERCADO', 'ARS'), (2, 5000.0, 12, 5, 2026, 'COMBUSTIBLE', 'ARS'), (2, 100.0, 18, 5, 2026, 'RESTAURANTES', 'BRL'), (2, 22000.0, 22, 5, 2026, 'SUPERMERCADO', 'ARS'), (2, 15.0, 28, 5, 2026, 'OTROS', 'USD')
Hibernate: INSERT INTO CONSUMOS (ID_TARJETA, MONTO, DIA, MES, ANIO, RUBRO, MONEDA) VALUES (3, 120.0, 5, 5, 2026, 'OTROS', 'USD'), (3, 45.0, 6, 5, 2026, 'SUPERMERCADO', 'EUR'), (3, 800.0, 10, 5, 2026, 'RESTAURANTES', 'BRL'), (3, 15000.0, 12, 5, 2026, 'OTROS', 'CLP'), (3, 15.0, 25, 5, 2026, 'INDUMENTARIA', 'USD'), (3, 60000.0, 28, 5, 2026, 'COMBUSTIBLE', 'ARS')
Hibernate: INSERT INTO CONSUMOS (ID_TARJETA, MONTO, DIA, MES, ANIO, RUBRO, MONEDA) VALUES (4, 20000.0, 15, 4, 2026, 'OTROS', 'ARS'), (4, 5000.0, 28, 4, 2026, 'COMBUSTIBLE', 'ARS'), (4, 35000.0, 2, 5, 2026, 'SUPERMERCADO', 'ARS'), (4, 10000.0, 18, 5, 2026, 'RESTAURANTES', 'ARS'), (4, 25.0, 20, 5, 2026, 'INDUMENTARIA', 'USD')
Hibernate: INSERT INTO CONSUMOS (ID_TARJETA, MONTO, DIA, MES, ANIO, RUBRO, MONEDA) VALUES (5, 10000.0, 1, 5, 2026, 'SUPERMERCADO', 'ARS'), (5, 15000.0, 8, 5, 2026, 'SUPERMERCADO', 'ARS'), (5, 22000.0, 15, 5, 2026, 'SUPERMERCADO', 'ARS'), (5, 8000.0, 22, 5, 2026, 'SUPERMERCADO', 'ARS'), (5, 4000.0, 23, 5, 2026, 'COMBUSTIBLE', 'ARS'), (5, 12000.0, 25, 5, 2026, 'RESTAURANTES', 'ARS'), (5, 50.0, 27, 5, 2026, 'OTROS', 'USD'), (5, 18000.0, 29, 5, 2026, 'INDUMENTARIA', 'ARS')
Hibernate: INSERT INTO CONSUMOS (ID_TARJETA, MONTO, DIA, MES, ANIO, RUBRO, MONEDA) VALUES (6, 25000.0, 2, 5, 2026, 'OTROS', 'ARS'), (6, 45.0, 10, 5, 2026, 'INDUMENTARIA', 'EUR'), (6, 32000.0, 15, 5, 2026, 'SUPERMERCADO', 'ARS'), (6, 8500.0, 20, 5, 2026, 'COMBUSTIBLE', 'ARS'), (6, 120.0, 28, 5, 2026, 'RESTAURANTES', 'BRL'), (6, 4000.0, 3, 5, 2026, 'OTROS', 'ARS'), (6, 25.0, 6, 5, 2026, 'INDUMENTARIA', 'USD'), (6, 15000.0, 12, 5, 2026, 'SUPERMERCADO', 'ARS'), (6, 6500.0, 18, 5, 2026, 'COMBUSTIBLE', 'ARS'), (6, 80.0, 22, 5, 2026, 'RESTAURANTES', 'EUR'), (6, 12000.0, 25, 5, 2026, 'OTROS', 'ARS'), (6, 35.0, 27, 5, 2026, 'INDUMENTARIA', 'USD')
Hibernate: INSERT INTO CONSUMOS (ID_TARJETA, MONTO, DIA, MES, ANIO, RUBRO, MONEDA) VALUES (7, 5000.0, 3, 5, 2026, 'RESTAURANTES', 'ARS'), (7, 8000.0, 5, 5, 2026, 'SUPERMERCADO', 'ARS'), (7, 12000.0, 8, 5, 2026, 'COMBUSTIBLE', 'ARS'), (7, 4500.0, 12, 5, 2026, 'OTROS', 'ARS'), (7, 25000.0, 15, 5, 2026, 'INDUMENTARIA', 'ARS'), (7, 10.0, 18, 5, 2026, 'OTROS', 'USD'), (7, 30000.0, 22, 5, 2026, 'SUPERMERCADO', 'ARS'), (7, 7500.0, 25, 5, 2026, 'RESTAURANTES', 'ARS'), (7, 15000.0, 28, 5, 2026, 'COMBUSTIBLE', 'ARS')
Hibernate: INSERT INTO CONSUMOS (ID_TARJETA, MONTO, DIA, MES, ANIO, RUBRO, MONEDA) VALUES (8, 40000.0, 3, 5, 2026, 'COMBUSTIBLE', 'ARS'), (8, 55000.0, 14, 5, 2026, 'INDUMENTARIA', 'ARS'), (8, 20.0, 21, 5, 2026, 'OTROS', 'USD'), (8, 15000.0, 24, 5, 2026, 'SUPERMERCADO', 'ARS'), (8, 12000.0, 26, 5, 2026, 'RESTAURANTES', 'ARS'), (8, 30.0, 28, 5, 2026, 'OTROS', 'EUR')
Hibernate: INSERT INTO CONSUMOS (ID_TARJETA, MONTO, DIA, MES, ANIO, RUBRO, MONEDA) VALUES (9, 15000.0, 5, 5, 2026, 'SUPERMERCADO', 'ARS'), (9, 30.0, 11, 5, 2026, 'OTROS', 'EUR'), (9, 8500.0, 15, 5, 2026, 'COMBUSTIBLE', 'ARS'), (9, 22000.0, 18, 5, 2026, 'INDUMENTARIA', 'ARS'), (9, 45.0, 20, 5, 2026, 'RESTAURANTES', 'USD'), (9, 12000.0, 25, 5, 2026, 'SUPERMERCADO', 'ARS'), (9, 5000.0, 28, 5, 2026, 'OTROS', 'ARS')
Hibernate: INSERT INTO CONSUMOS (ID_TARJETA, MONTO, DIA, MES, ANIO, RUBRO, MONEDA) VALUES (10, 50000.0, 2, 5, 2026, 'OTROS', 'ARS'), (10, 100.0, 5, 5, 2026, 'RESTAURANTES', 'USD'), (10, 200.0, 10, 5, 2026, 'SUPERMERCADO', 'BRL'), (10, 25000.0, 28, 5, 2026, 'COMBUSTIBLE', 'ARS'), (10, 15000.0, 4, 5, 2026, 'INDUMENTARIA', 'ARS'), (10, 8000.0, 8, 5, 2026, 'SUPERMERCADO', 'ARS'), (10, 45.0, 12, 5, 2026, 'OTROS', 'EUR'), (10, 32000.0, 16, 5, 2026, 'COMBUSTIBLE', 'ARS'), (10, 18000.0, 20, 5, 2026, 'RESTAURANTES', 'ARS'), (10, 5500.0, 24, 5, 2026, 'OTROS', 'ARS'), (10, 120.0, 26, 5, 2026, 'INDUMENTARIA', 'BRL')
Hibernate: INSERT INTO LIQUIDACIONES (ID_TARJETA, MES, ANIO, TOTAL_A_PAGAR, TOTAL_CONSUMOS, TOTAL_IMPUESTOS, TOTAL_DESCUENTOS) VALUES (1, 5, 2026, 475385.0, 436400.0, 43935.0, 4950.0)
Hibernate: INSERT INTO LIQUIDACIONES (ID_TARJETA, MES, ANIO, TOTAL_A_PAGAR, TOTAL_CONSUMOS, TOTAL_IMPUESTOS, TOTAL_DESCUENTOS) VALUES (2, 5, 2026, 192591.88, 172625.0, 26716.88, 6750.0)
Hibernate: INSERT INTO LIQUIDACIONES (ID_TARJETA, MES, ANIO, TOTAL_A_PAGAR, TOTAL_CONSUMOS, TOTAL_IMPUESTOS, TOTAL_DESCUENTOS) VALUES (3, 5, 2026, 642245.0, 590600.0, 52395.0, 750.0)
Hibernate: INSERT INTO LIQUIDACIONES (ID_TARJETA, MES, ANIO, TOTAL_A_PAGAR, TOTAL_CONSUMOS, TOTAL_IMPUESTOS, TOTAL_DESCUENTOS) VALUES (4, 4, 2026, 31900.0, 25000.0, 7650.0, 750.0)
Hibernate: INSERT INTO LIQUIDACIONES (ID_TARJETA, MES, ANIO, TOTAL_A_PAGAR, TOTAL_CONSUMOS, TOTAL_IMPUESTOS, TOTAL_DESCUENTOS) VALUES (4, 5, 2026, 93106.25, 83750.0, 12356.25, 3000.0)
Hibernate: INSERT INTO LIQUIDACIONES (ID_TARJETA, MES, ANIO, TOTAL_A_PAGAR, TOTAL_CONSUMOS, TOTAL_IMPUESTOS, TOTAL_DESCUENTOS) VALUES (5, 5, 2026, 180802.5, 166500.0, 24502.5, 10200.0)
Hibernate: 
    select
        c1_0.MONEDA,
        c1_0.TASA_CAMBIO 
    from
        COTIZACIONES c1_0
Hibernate: 
    select
        t1_0.id,
        t1_0.LIMITE_CREDITO,
        t1_0.NUMERO,
        t1_0.TITULAR 
    from
        TARJETAS t1_0 
    where
        t1_0.id=?
Hibernate: 
    select
        c1_0.id,
        c1_0.ANIO,
        c1_0.DIA,
        c1_0.MES,
        c1_0.MONEDA,
        c1_0.MONTO,
        c1_0.RUBRO,
        c1_0.ID_TARJETA 
    from
        CONSUMOS c1_0 
    join
        TARJETAS t1_0 
            on t1_0.id=c1_0.ID_TARJETA 
    where
        t1_0.NUMERO=? 
        and c1_0.ANIO=? 
        and c1_0.MES=?
Hibernate: 
    insert 
    into
        LIQUIDACIONES
        (ANIO, MES, ID_TARJETA, TOTAL_A_PAGAR, TOTAL_CONSUMOS, TOTAL_DESCUENTOS, TOTAL_IMPUESTOS, id) 
    values
        (?, ?, ?, ?, ?, ?, ?, default)
Hibernate: 
    select
        t1_0.id,
        t1_0.LIMITE_CREDITO,
        t1_0.NUMERO,
        t1_0.TITULAR 
    from
        TARJETAS t1_0 
    where
        t1_0.id=?
Hibernate: 
    select
        c1_0.id,
        c1_0.ANIO,
        c1_0.DIA,
        c1_0.MES,
        c1_0.MONEDA,
        c1_0.MONTO,
        c1_0.RUBRO,
        c1_0.ID_TARJETA 
    from
        CONSUMOS c1_0 
    join
        TARJETAS t1_0 
            on t1_0.id=c1_0.ID_TARJETA 
    where
        t1_0.NUMERO=? 
        and c1_0.ANIO=? 
        and c1_0.MES=?
Hibernate: 
    insert 
    into
        LIQUIDACIONES
        (ANIO, MES, ID_TARJETA, TOTAL_A_PAGAR, TOTAL_CONSUMOS, TOTAL_DESCUENTOS, TOTAL_IMPUESTOS, id) 
    values
        (?, ?, ?, ?, ?, ?, ?, default)
Hibernate: 
    select
        t1_0.id,
        t1_0.LIMITE_CREDITO,
        t1_0.NUMERO,
        t1_0.TITULAR 
    from
        TARJETAS t1_0 
    where
        t1_0.id=?
Hibernate: 
    select
        c1_0.id,
        c1_0.ANIO,
        c1_0.DIA,
        c1_0.MES,
        c1_0.MONEDA,
        c1_0.MONTO,
        c1_0.RUBRO,
        c1_0.ID_TARJETA 
    from
        CONSUMOS c1_0 
    join
        TARJETAS t1_0 
            on t1_0.id=c1_0.ID_TARJETA 
    where
        t1_0.NUMERO=? 
        and c1_0.ANIO=? 
        and c1_0.MES=?
Hibernate: 
    insert 
    into
        LIQUIDACIONES
        (ANIO, MES, ID_TARJETA, TOTAL_A_PAGAR, TOTAL_CONSUMOS, TOTAL_DESCUENTOS, TOTAL_IMPUESTOS, id) 
    values
        (?, ?, ?, ?, ?, ?, ?, default)
]]></system-out>
    <system-err><![CDATA[Jun 29, 2026 7:20:10 PM org.hibernate.jpa.internal.util.LogHelper logPersistenceUnitInformation
INFO: HHH000204: Processing PersistenceUnitInfo [name: LiquidacionesPU]
Jun 29, 2026 7:20:10 PM org.hibernate.cache.internal.RegionFactoryInitiator initiateService
INFO: HHH000026: Second-level cache disabled
Jun 29, 2026 7:20:10 PM org.hibernate.engine.jdbc.connections.internal.DriverManagerConnectionProviderImpl configure
WARN: HHH10001002: Using built-in connection pool (not intended for production use)
Jun 29, 2026 7:20:10 PM org.hibernate.engine.jdbc.connections.internal.DriverManagerConnectionProviderImpl buildCreator
INFO: HHH10001005: Loaded JDBC driver class: org.h2.Driver
Jun 29, 2026 7:20:10 PM org.hibernate.engine.jdbc.connections.internal.DriverManagerConnectionProviderImpl buildCreator
INFO: HHH10001012: Connecting with JDBC URL [jdbc:h2:mem:liquidaciones;DB_CLOSE_DELAY=-1]
Jun 29, 2026 7:20:10 PM org.hibernate.engine.jdbc.connections.internal.DriverManagerConnectionProviderImpl buildCreator
INFO: HHH10001001: Connection properties: {password=****, user=sa}
Jun 29, 2026 7:20:10 PM org.hibernate.engine.jdbc.connections.internal.DriverManagerConnectionProviderImpl buildCreator
INFO: HHH10001003: Autocommit mode: false
Jun 29, 2026 7:20:10 PM org.hibernate.engine.jdbc.connections.internal.DriverManagerConnectionProviderImpl$PooledConnections <init>
INFO: HHH10001115: Connection pool size: 20 (min=1)
Jun 29, 2026 7:20:10 PM org.hibernate.engine.transaction.jta.platform.internal.JtaPlatformInitiator initiateService
INFO: HHH000489: No JTA platform available (set 'hibernate.transaction.jta.platform' to enable JTA platform integration)
Jun 29, 2026 7:20:10 PM org.hibernate.resource.transaction.backend.jdbc.internal.DdlTransactionIsolatorNonJtaImpl getIsolatedConnection
INFO: HHH10001501: Connection obtained from JdbcConnectionAccess [org.hibernate.engine.jdbc.env.internal.JdbcEnvironmentInitiator$ConnectionProviderJdbcConnectionAccess@6796a873] for (non-JTA) DDL execution was not in auto-commit mode; the Connection 'local transaction' will be committed and the Connection will be set into auto-commit mode.
Jun 29, 2026 7:20:10 PM org.hibernate.resource.transaction.backend.jdbc.internal.DdlTransactionIsolatorNonJtaImpl getIsolatedConnection
INFO: HHH10001501: Connection obtained from JdbcConnectionAccess [org.hibernate.engine.jdbc.env.internal.JdbcEnvironmentInitiator$ConnectionProviderJdbcConnectionAccess@1f293cb7] for (non-JTA) DDL execution was not in auto-commit mode; the Connection 'local transaction' will be committed and the Connection will be set into auto-commit mode.
Jun 29, 2026 7:20:11 PM org.hibernate.engine.jdbc.connections.internal.DriverManagerConnectionProviderImpl$PoolState stop
INFO: HHH10001008: Cleaning up connection pool [jdbc:h2:mem:liquidaciones;DB_CLOSE_DELAY=-1]
]]></system-err>
  </testcase>
  <testcase name="testTarjetaInexistente" classname="ar.edu.utn.frc.k5a.parcial.servicios.LiquidacionServiceImplTest" time="0.122">
    <system-out><![CDATA[Hibernate: 
    drop table if exists CONSUMOS cascade 
Hibernate: 
    drop table if exists COTIZACIONES cascade 
Hibernate: 
    drop table if exists LIQUIDACIONES cascade 
Hibernate: 
    drop table if exists TARJETAS cascade 
Hibernate: 
    CREATE TABLE COTIZACIONES (
        MONEDA VARCHAR(3) PRIMARY KEY,
        TASA_CAMBIO FLOAT NOT NULL
    )
Hibernate: 
    CREATE TABLE TARJETAS (
        ID BIGINT AUTO_INCREMENT PRIMARY KEY,
        NUMERO VARCHAR(16) NOT NULL UNIQUE,
        TITULAR VARCHAR(100) NOT NULL,
        LIMITE_CREDITO FLOAT NOT NULL
    )
Hibernate: 
    CREATE TABLE CONSUMOS (
        ID BIGINT AUTO_INCREMENT PRIMARY KEY,
        ID_TARJETA BIGINT NOT NULL,
        MONTO FLOAT NOT NULL,
        DIA INT NOT NULL,
        MES INT NOT NULL,
        ANIO INT NOT NULL,
        RUBRO VARCHAR(20) NOT NULL,
        MONEDA VARCHAR(3) NOT NULL,
        CONSTRAINT fk_consumo_tarjeta FOREIGN KEY (ID_TARJETA) REFERENCES TARJETAS(ID)
    )
Hibernate: 
    CREATE TABLE LIQUIDACIONES (
        ID BIGINT AUTO_INCREMENT PRIMARY KEY,
        ID_TARJETA BIGINT NOT NULL,
        MES INT NOT NULL,
        ANIO INT NOT NULL,
        TOTAL_A_PAGAR FLOAT NOT NULL,
        TOTAL_CONSUMOS FLOAT NOT NULL,
        TOTAL_IMPUESTOS FLOAT NOT NULL,
        TOTAL_DESCUENTOS FLOAT NOT NULL,
        CONSTRAINT fk_liquidacion_tarjeta FOREIGN KEY (ID_TARJETA) REFERENCES TARJETAS(ID)
    )
Hibernate: INSERT INTO COTIZACIONES (MONEDA, TASA_CAMBIO) VALUES ('ARS', 1.00), ('USD', 1550.00), ('EUR', 1680.00), ('BRL', 280.00), ('CLP', 1.45)
Hibernate: INSERT INTO TARJETAS (NUMERO, TITULAR, LIMITE_CREDITO) VALUES ('4500123412340001', 'Juan Perez', 1500000.0), ('4500123412340002', 'Maria Gomez', 1200000.0), ('4500123412340003', 'Carlos Diaz', 2000000.0), ('4500123412340004', 'Ana Martinez', 800000.0), ('4500123412340005', 'Pedro Sanchez', 1000000.0), ('4500123412340006', 'Laura Torres', 950000.0), ('4500123412340007', 'Diego Lopez', 1100000.0), ('4500123412340008', 'Sofia Ramirez', 1300000.0), ('4500123412340009', 'Jorge Romero', 1600000.0), ('4500123412340010', 'Lucia Fernandez', 1800000.0)
Hibernate: INSERT INTO CONSUMOS (ID_TARJETA, MONTO, DIA, MES, ANIO, RUBRO, MONEDA) VALUES (1, 4500.0, 1, 5, 2026, 'SUPERMERCADO', 'ARS'), (1, 20.0, 2, 5, 2026, 'OTROS', 'USD'), (1, 8000.0, 3, 5, 2026, 'COMBUSTIBLE', 'ARS'), (1, 55.0, 5, 5, 2026, 'INDUMENTARIA', 'EUR'), (1, 12000.0, 6, 5, 2026, 'RESTAURANTES', 'ARS'), (1, 3500.0, 8, 5, 2026, 'SUPERMERCADO', 'ARS'), (1, 15.0, 10, 5, 2026, 'OTROS', 'USD'), (1, 9000.0, 12, 5, 2026, 'COMBUSTIBLE', 'ARS'), (1, 40.0, 14, 5, 2026, 'INDUMENTARIA', 'EUR'), (1, 15000.0, 16, 5, 2026, 'RESTAURANTES', 'ARS'), (1, 5500.0, 18, 5, 2026, 'SUPERMERCADO', 'ARS'), (1, 25.0, 20, 5, 2026, 'OTROS', 'USD'), (1, 7500.0, 22, 5, 2026, 'COMBUSTIBLE', 'ARS'), (1, 60.0, 25, 5, 2026, 'INDUMENTARIA', 'EUR'), (1, 18000.0, 28, 5, 2026, 'RESTAURANTES', 'ARS')
Hibernate: INSERT INTO CONSUMOS (ID_TARJETA, MONTO, DIA, MES, ANIO, RUBRO, MONEDA) VALUES (2, 45000.0, 1, 5, 2026, 'INDUMENTARIA', 'ARS'), (2, 12.5, 4, 5, 2026, 'OTROS', 'USD'), (2, 30000.0, 8, 5, 2026, 'SUPERMERCADO', 'ARS'), (2, 5000.0, 12, 5, 2026, 'COMBUSTIBLE', 'ARS'), (2, 100.0, 18, 5, 2026, 'RESTAURANTES', 'BRL'), (2, 22000.0, 22, 5, 2026, 'SUPERMERCADO', 'ARS'), (2, 15.0, 28, 5, 2026, 'OTROS', 'USD')
Hibernate: INSERT INTO CONSUMOS (ID_TARJETA, MONTO, DIA, MES, ANIO, RUBRO, MONEDA) VALUES (3, 120.0, 5, 5, 2026, 'OTROS', 'USD'), (3, 45.0, 6, 5, 2026, 'SUPERMERCADO', 'EUR'), (3, 800.0, 10, 5, 2026, 'RESTAURANTES', 'BRL'), (3, 15000.0, 12, 5, 2026, 'OTROS', 'CLP'), (3, 15.0, 25, 5, 2026, 'INDUMENTARIA', 'USD'), (3, 60000.0, 28, 5, 2026, 'COMBUSTIBLE', 'ARS')
Hibernate: INSERT INTO CONSUMOS (ID_TARJETA, MONTO, DIA, MES, ANIO, RUBRO, MONEDA) VALUES (4, 20000.0, 15, 4, 2026, 'OTROS', 'ARS'), (4, 5000.0, 28, 4, 2026, 'COMBUSTIBLE', 'ARS'), (4, 35000.0, 2, 5, 2026, 'SUPERMERCADO', 'ARS'), (4, 10000.0, 18, 5, 2026, 'RESTAURANTES', 'ARS'), (4, 25.0, 20, 5, 2026, 'INDUMENTARIA', 'USD')
Hibernate: INSERT INTO CONSUMOS (ID_TARJETA, MONTO, DIA, MES, ANIO, RUBRO, MONEDA) VALUES (5, 10000.0, 1, 5, 2026, 'SUPERMERCADO', 'ARS'), (5, 15000.0, 8, 5, 2026, 'SUPERMERCADO', 'ARS'), (5, 22000.0, 15, 5, 2026, 'SUPERMERCADO', 'ARS'), (5, 8000.0, 22, 5, 2026, 'SUPERMERCADO', 'ARS'), (5, 4000.0, 23, 5, 2026, 'COMBUSTIBLE', 'ARS'), (5, 12000.0, 25, 5, 2026, 'RESTAURANTES', 'ARS'), (5, 50.0, 27, 5, 2026, 'OTROS', 'USD'), (5, 18000.0, 29, 5, 2026, 'INDUMENTARIA', 'ARS')
Hibernate: INSERT INTO CONSUMOS (ID_TARJETA, MONTO, DIA, MES, ANIO, RUBRO, MONEDA) VALUES (6, 25000.0, 2, 5, 2026, 'OTROS', 'ARS'), (6, 45.0, 10, 5, 2026, 'INDUMENTARIA', 'EUR'), (6, 32000.0, 15, 5, 2026, 'SUPERMERCADO', 'ARS'), (6, 8500.0, 20, 5, 2026, 'COMBUSTIBLE', 'ARS'), (6, 120.0, 28, 5, 2026, 'RESTAURANTES', 'BRL'), (6, 4000.0, 3, 5, 2026, 'OTROS', 'ARS'), (6, 25.0, 6, 5, 2026, 'INDUMENTARIA', 'USD'), (6, 15000.0, 12, 5, 2026, 'SUPERMERCADO', 'ARS'), (6, 6500.0, 18, 5, 2026, 'COMBUSTIBLE', 'ARS'), (6, 80.0, 22, 5, 2026, 'RESTAURANTES', 'EUR'), (6, 12000.0, 25, 5, 2026, 'OTROS', 'ARS'), (6, 35.0, 27, 5, 2026, 'INDUMENTARIA', 'USD')
Hibernate: INSERT INTO CONSUMOS (ID_TARJETA, MONTO, DIA, MES, ANIO, RUBRO, MONEDA) VALUES (7, 5000.0, 3, 5, 2026, 'RESTAURANTES', 'ARS'), (7, 8000.0, 5, 5, 2026, 'SUPERMERCADO', 'ARS'), (7, 12000.0, 8, 5, 2026, 'COMBUSTIBLE', 'ARS'), (7, 4500.0, 12, 5, 2026, 'OTROS', 'ARS'), (7, 25000.0, 15, 5, 2026, 'INDUMENTARIA', 'ARS'), (7, 10.0, 18, 5, 2026, 'OTROS', 'USD'), (7, 30000.0, 22, 5, 2026, 'SUPERMERCADO', 'ARS'), (7, 7500.0, 25, 5, 2026, 'RESTAURANTES', 'ARS'), (7, 15000.0, 28, 5, 2026, 'COMBUSTIBLE', 'ARS')
Hibernate: INSERT INTO CONSUMOS (ID_TARJETA, MONTO, DIA, MES, ANIO, RUBRO, MONEDA) VALUES (8, 40000.0, 3, 5, 2026, 'COMBUSTIBLE', 'ARS'), (8, 55000.0, 14, 5, 2026, 'INDUMENTARIA', 'ARS'), (8, 20.0, 21, 5, 2026, 'OTROS', 'USD'), (8, 15000.0, 24, 5, 2026, 'SUPERMERCADO', 'ARS'), (8, 12000.0, 26, 5, 2026, 'RESTAURANTES', 'ARS'), (8, 30.0, 28, 5, 2026, 'OTROS', 'EUR')
Hibernate: INSERT INTO CONSUMOS (ID_TARJETA, MONTO, DIA, MES, ANIO, RUBRO, MONEDA) VALUES (9, 15000.0, 5, 5, 2026, 'SUPERMERCADO', 'ARS'), (9, 30.0, 11, 5, 2026, 'OTROS', 'EUR'), (9, 8500.0, 15, 5, 2026, 'COMBUSTIBLE', 'ARS'), (9, 22000.0, 18, 5, 2026, 'INDUMENTARIA', 'ARS'), (9, 45.0, 20, 5, 2026, 'RESTAURANTES', 'USD'), (9, 12000.0, 25, 5, 2026, 'SUPERMERCADO', 'ARS'), (9, 5000.0, 28, 5, 2026, 'OTROS', 'ARS')
Hibernate: INSERT INTO CONSUMOS (ID_TARJETA, MONTO, DIA, MES, ANIO, RUBRO, MONEDA) VALUES (10, 50000.0, 2, 5, 2026, 'OTROS', 'ARS'), (10, 100.0, 5, 5, 2026, 'RESTAURANTES', 'USD'), (10, 200.0, 10, 5, 2026, 'SUPERMERCADO', 'BRL'), (10, 25000.0, 28, 5, 2026, 'COMBUSTIBLE', 'ARS'), (10, 15000.0, 4, 5, 2026, 'INDUMENTARIA', 'ARS'), (10, 8000.0, 8, 5, 2026, 'SUPERMERCADO', 'ARS'), (10, 45.0, 12, 5, 2026, 'OTROS', 'EUR'), (10, 32000.0, 16, 5, 2026, 'COMBUSTIBLE', 'ARS'), (10, 18000.0, 20, 5, 2026, 'RESTAURANTES', 'ARS'), (10, 5500.0, 24, 5, 2026, 'OTROS', 'ARS'), (10, 120.0, 26, 5, 2026, 'INDUMENTARIA', 'BRL')
Hibernate: INSERT INTO LIQUIDACIONES (ID_TARJETA, MES, ANIO, TOTAL_A_PAGAR, TOTAL_CONSUMOS, TOTAL_IMPUESTOS, TOTAL_DESCUENTOS) VALUES (1, 5, 2026, 475385.0, 436400.0, 43935.0, 4950.0)
Hibernate: INSERT INTO LIQUIDACIONES (ID_TARJETA, MES, ANIO, TOTAL_A_PAGAR, TOTAL_CONSUMOS, TOTAL_IMPUESTOS, TOTAL_DESCUENTOS) VALUES (2, 5, 2026, 192591.88, 172625.0, 26716.88, 6750.0)
Hibernate: INSERT INTO LIQUIDACIONES (ID_TARJETA, MES, ANIO, TOTAL_A_PAGAR, TOTAL_CONSUMOS, TOTAL_IMPUESTOS, TOTAL_DESCUENTOS) VALUES (3, 5, 2026, 642245.0, 590600.0, 52395.0, 750.0)
Hibernate: INSERT INTO LIQUIDACIONES (ID_TARJETA, MES, ANIO, TOTAL_A_PAGAR, TOTAL_CONSUMOS, TOTAL_IMPUESTOS, TOTAL_DESCUENTOS) VALUES (4, 4, 2026, 31900.0, 25000.0, 7650.0, 750.0)
Hibernate: INSERT INTO LIQUIDACIONES (ID_TARJETA, MES, ANIO, TOTAL_A_PAGAR, TOTAL_CONSUMOS, TOTAL_IMPUESTOS, TOTAL_DESCUENTOS) VALUES (4, 5, 2026, 93106.25, 83750.0, 12356.25, 3000.0)
Hibernate: INSERT INTO LIQUIDACIONES (ID_TARJETA, MES, ANIO, TOTAL_A_PAGAR, TOTAL_CONSUMOS, TOTAL_IMPUESTOS, TOTAL_DESCUENTOS) VALUES (5, 5, 2026, 180802.5, 166500.0, 24502.5, 10200.0)
Hibernate: 
    select
        c1_0.MONEDA,
        c1_0.TASA_CAMBIO 
    from
        COTIZACIONES c1_0
Hibernate: 
    select
        t1_0.id,
        t1_0.LIMITE_CREDITO,
        t1_0.NUMERO,
        t1_0.TITULAR 
    from
        TARJETAS t1_0 
    where
        t1_0.id=?
]]></system-out>
    <system-err><![CDATA[Jun 29, 2026 7:20:11 PM org.hibernate.jpa.internal.util.LogHelper logPersistenceUnitInformation
INFO: HHH000204: Processing PersistenceUnitInfo [name: LiquidacionesPU]
Jun 29, 2026 7:20:11 PM org.hibernate.cache.internal.RegionFactoryInitiator initiateService
INFO: HHH000026: Second-level cache disabled
Jun 29, 2026 7:20:11 PM org.hibernate.engine.jdbc.connections.internal.DriverManagerConnectionProviderImpl configure
WARN: HHH10001002: Using built-in connection pool (not intended for production use)
Jun 29, 2026 7:20:11 PM org.hibernate.engine.jdbc.connections.internal.DriverManagerConnectionProviderImpl buildCreator
INFO: HHH10001005: Loaded JDBC driver class: org.h2.Driver
Jun 29, 2026 7:20:11 PM org.hibernate.engine.jdbc.connections.internal.DriverManagerConnectionProviderImpl buildCreator
INFO: HHH10001012: Connecting with JDBC URL [jdbc:h2:mem:liquidaciones;DB_CLOSE_DELAY=-1]
Jun 29, 2026 7:20:11 PM org.hibernate.engine.jdbc.connections.internal.DriverManagerConnectionProviderImpl buildCreator
INFO: HHH10001001: Connection properties: {password=****, user=sa}
Jun 29, 2026 7:20:11 PM org.hibernate.engine.jdbc.connections.internal.DriverManagerConnectionProviderImpl buildCreator
INFO: HHH10001003: Autocommit mode: false
Jun 29, 2026 7:20:11 PM org.hibernate.engine.jdbc.connections.internal.DriverManagerConnectionProviderImpl$PooledConnections <init>
INFO: HHH10001115: Connection pool size: 20 (min=1)
Jun 29, 2026 7:20:11 PM org.hibernate.engine.transaction.jta.platform.internal.JtaPlatformInitiator initiateService
INFO: HHH000489: No JTA platform available (set 'hibernate.transaction.jta.platform' to enable JTA platform integration)
Jun 29, 2026 7:20:11 PM org.hibernate.resource.transaction.backend.jdbc.internal.DdlTransactionIsolatorNonJtaImpl getIsolatedConnection
INFO: HHH10001501: Connection obtained from JdbcConnectionAccess [org.hibernate.engine.jdbc.env.internal.JdbcEnvironmentInitiator$ConnectionProviderJdbcConnectionAccess@4be7acd9] for (non-JTA) DDL execution was not in auto-commit mode; the Connection 'local transaction' will be committed and the Connection will be set into auto-commit mode.
Jun 29, 2026 7:20:11 PM org.hibernate.resource.transaction.backend.jdbc.internal.DdlTransactionIsolatorNonJtaImpl getIsolatedConnection
INFO: HHH10001501: Connection obtained from JdbcConnectionAccess [org.hibernate.engine.jdbc.env.internal.JdbcEnvironmentInitiator$ConnectionProviderJdbcConnectionAccess@58afecfd] for (non-JTA) DDL execution was not in auto-commit mode; the Connection 'local transaction' will be committed and the Connection will be set into auto-commit mode.
Jun 29, 2026 7:20:11 PM org.hibernate.engine.jdbc.connections.internal.DriverManagerConnectionProviderImpl$PoolState stop
INFO: HHH10001008: Cleaning up connection pool [jdbc:h2:mem:liquidaciones;DB_CLOSE_DELAY=-1]
]]></system-err>
  </testcase>
  <testcase name="testGetLiquidacionesPendientes" classname="ar.edu.utn.frc.k5a.parcial.servicios.LiquidacionServiceImplTest" time="0.141">
    <system-out><![CDATA[Hibernate: 
    drop table if exists CONSUMOS cascade 
Hibernate: 
    drop table if exists COTIZACIONES cascade 
Hibernate: 
    drop table if exists LIQUIDACIONES cascade 
Hibernate: 
    drop table if exists TARJETAS cascade 
Hibernate: 
    CREATE TABLE COTIZACIONES (
        MONEDA VARCHAR(3) PRIMARY KEY,
        TASA_CAMBIO FLOAT NOT NULL
    )
Hibernate: 
    CREATE TABLE TARJETAS (
        ID BIGINT AUTO_INCREMENT PRIMARY KEY,
        NUMERO VARCHAR(16) NOT NULL UNIQUE,
        TITULAR VARCHAR(100) NOT NULL,
        LIMITE_CREDITO FLOAT NOT NULL
    )
Hibernate: 
    CREATE TABLE CONSUMOS (
        ID BIGINT AUTO_INCREMENT PRIMARY KEY,
        ID_TARJETA BIGINT NOT NULL,
        MONTO FLOAT NOT NULL,
        DIA INT NOT NULL,
        MES INT NOT NULL,
        ANIO INT NOT NULL,
        RUBRO VARCHAR(20) NOT NULL,
        MONEDA VARCHAR(3) NOT NULL,
        CONSTRAINT fk_consumo_tarjeta FOREIGN KEY (ID_TARJETA) REFERENCES TARJETAS(ID)
    )
Hibernate: 
    CREATE TABLE LIQUIDACIONES (
        ID BIGINT AUTO_INCREMENT PRIMARY KEY,
        ID_TARJETA BIGINT NOT NULL,
        MES INT NOT NULL,
        ANIO INT NOT NULL,
        TOTAL_A_PAGAR FLOAT NOT NULL,
        TOTAL_CONSUMOS FLOAT NOT NULL,
        TOTAL_IMPUESTOS FLOAT NOT NULL,
        TOTAL_DESCUENTOS FLOAT NOT NULL,
        CONSTRAINT fk_liquidacion_tarjeta FOREIGN KEY (ID_TARJETA) REFERENCES TARJETAS(ID)
    )
Hibernate: INSERT INTO COTIZACIONES (MONEDA, TASA_CAMBIO) VALUES ('ARS', 1.00), ('USD', 1550.00), ('EUR', 1680.00), ('BRL', 280.00), ('CLP', 1.45)
Hibernate: INSERT INTO TARJETAS (NUMERO, TITULAR, LIMITE_CREDITO) VALUES ('4500123412340001', 'Juan Perez', 1500000.0), ('4500123412340002', 'Maria Gomez', 1200000.0), ('4500123412340003', 'Carlos Diaz', 2000000.0), ('4500123412340004', 'Ana Martinez', 800000.0), ('4500123412340005', 'Pedro Sanchez', 1000000.0), ('4500123412340006', 'Laura Torres', 950000.0), ('4500123412340007', 'Diego Lopez', 1100000.0), ('4500123412340008', 'Sofia Ramirez', 1300000.0), ('4500123412340009', 'Jorge Romero', 1600000.0), ('4500123412340010', 'Lucia Fernandez', 1800000.0)
Hibernate: INSERT INTO CONSUMOS (ID_TARJETA, MONTO, DIA, MES, ANIO, RUBRO, MONEDA) VALUES (1, 4500.0, 1, 5, 2026, 'SUPERMERCADO', 'ARS'), (1, 20.0, 2, 5, 2026, 'OTROS', 'USD'), (1, 8000.0, 3, 5, 2026, 'COMBUSTIBLE', 'ARS'), (1, 55.0, 5, 5, 2026, 'INDUMENTARIA', 'EUR'), (1, 12000.0, 6, 5, 2026, 'RESTAURANTES', 'ARS'), (1, 3500.0, 8, 5, 2026, 'SUPERMERCADO', 'ARS'), (1, 15.0, 10, 5, 2026, 'OTROS', 'USD'), (1, 9000.0, 12, 5, 2026, 'COMBUSTIBLE', 'ARS'), (1, 40.0, 14, 5, 2026, 'INDUMENTARIA', 'EUR'), (1, 15000.0, 16, 5, 2026, 'RESTAURANTES', 'ARS'), (1, 5500.0, 18, 5, 2026, 'SUPERMERCADO', 'ARS'), (1, 25.0, 20, 5, 2026, 'OTROS', 'USD'), (1, 7500.0, 22, 5, 2026, 'COMBUSTIBLE', 'ARS'), (1, 60.0, 25, 5, 2026, 'INDUMENTARIA', 'EUR'), (1, 18000.0, 28, 5, 2026, 'RESTAURANTES', 'ARS')
Hibernate: INSERT INTO CONSUMOS (ID_TARJETA, MONTO, DIA, MES, ANIO, RUBRO, MONEDA) VALUES (2, 45000.0, 1, 5, 2026, 'INDUMENTARIA', 'ARS'), (2, 12.5, 4, 5, 2026, 'OTROS', 'USD'), (2, 30000.0, 8, 5, 2026, 'SUPERMERCADO', 'ARS'), (2, 5000.0, 12, 5, 2026, 'COMBUSTIBLE', 'ARS'), (2, 100.0, 18, 5, 2026, 'RESTAURANTES', 'BRL'), (2, 22000.0, 22, 5, 2026, 'SUPERMERCADO', 'ARS'), (2, 15.0, 28, 5, 2026, 'OTROS', 'USD')
Hibernate: INSERT INTO CONSUMOS (ID_TARJETA, MONTO, DIA, MES, ANIO, RUBRO, MONEDA) VALUES (3, 120.0, 5, 5, 2026, 'OTROS', 'USD'), (3, 45.0, 6, 5, 2026, 'SUPERMERCADO', 'EUR'), (3, 800.0, 10, 5, 2026, 'RESTAURANTES', 'BRL'), (3, 15000.0, 12, 5, 2026, 'OTROS', 'CLP'), (3, 15.0, 25, 5, 2026, 'INDUMENTARIA', 'USD'), (3, 60000.0, 28, 5, 2026, 'COMBUSTIBLE', 'ARS')
Hibernate: INSERT INTO CONSUMOS (ID_TARJETA, MONTO, DIA, MES, ANIO, RUBRO, MONEDA) VALUES (4, 20000.0, 15, 4, 2026, 'OTROS', 'ARS'), (4, 5000.0, 28, 4, 2026, 'COMBUSTIBLE', 'ARS'), (4, 35000.0, 2, 5, 2026, 'SUPERMERCADO', 'ARS'), (4, 10000.0, 18, 5, 2026, 'RESTAURANTES', 'ARS'), (4, 25.0, 20, 5, 2026, 'INDUMENTARIA', 'USD')
Hibernate: INSERT INTO CONSUMOS (ID_TARJETA, MONTO, DIA, MES, ANIO, RUBRO, MONEDA) VALUES (5, 10000.0, 1, 5, 2026, 'SUPERMERCADO', 'ARS'), (5, 15000.0, 8, 5, 2026, 'SUPERMERCADO', 'ARS'), (5, 22000.0, 15, 5, 2026, 'SUPERMERCADO', 'ARS'), (5, 8000.0, 22, 5, 2026, 'SUPERMERCADO', 'ARS'), (5, 4000.0, 23, 5, 2026, 'COMBUSTIBLE', 'ARS'), (5, 12000.0, 25, 5, 2026, 'RESTAURANTES', 'ARS'), (5, 50.0, 27, 5, 2026, 'OTROS', 'USD'), (5, 18000.0, 29, 5, 2026, 'INDUMENTARIA', 'ARS')
Hibernate: INSERT INTO CONSUMOS (ID_TARJETA, MONTO, DIA, MES, ANIO, RUBRO, MONEDA) VALUES (6, 25000.0, 2, 5, 2026, 'OTROS', 'ARS'), (6, 45.0, 10, 5, 2026, 'INDUMENTARIA', 'EUR'), (6, 32000.0, 15, 5, 2026, 'SUPERMERCADO', 'ARS'), (6, 8500.0, 20, 5, 2026, 'COMBUSTIBLE', 'ARS'), (6, 120.0, 28, 5, 2026, 'RESTAURANTES', 'BRL'), (6, 4000.0, 3, 5, 2026, 'OTROS', 'ARS'), (6, 25.0, 6, 5, 2026, 'INDUMENTARIA', 'USD'), (6, 15000.0, 12, 5, 2026, 'SUPERMERCADO', 'ARS'), (6, 6500.0, 18, 5, 2026, 'COMBUSTIBLE', 'ARS'), (6, 80.0, 22, 5, 2026, 'RESTAURANTES', 'EUR'), (6, 12000.0, 25, 5, 2026, 'OTROS', 'ARS'), (6, 35.0, 27, 5, 2026, 'INDUMENTARIA', 'USD')
Hibernate: INSERT INTO CONSUMOS (ID_TARJETA, MONTO, DIA, MES, ANIO, RUBRO, MONEDA) VALUES (7, 5000.0, 3, 5, 2026, 'RESTAURANTES', 'ARS'), (7, 8000.0, 5, 5, 2026, 'SUPERMERCADO', 'ARS'), (7, 12000.0, 8, 5, 2026, 'COMBUSTIBLE', 'ARS'), (7, 4500.0, 12, 5, 2026, 'OTROS', 'ARS'), (7, 25000.0, 15, 5, 2026, 'INDUMENTARIA', 'ARS'), (7, 10.0, 18, 5, 2026, 'OTROS', 'USD'), (7, 30000.0, 22, 5, 2026, 'SUPERMERCADO', 'ARS'), (7, 7500.0, 25, 5, 2026, 'RESTAURANTES', 'ARS'), (7, 15000.0, 28, 5, 2026, 'COMBUSTIBLE', 'ARS')
Hibernate: INSERT INTO CONSUMOS (ID_TARJETA, MONTO, DIA, MES, ANIO, RUBRO, MONEDA) VALUES (8, 40000.0, 3, 5, 2026, 'COMBUSTIBLE', 'ARS'), (8, 55000.0, 14, 5, 2026, 'INDUMENTARIA', 'ARS'), (8, 20.0, 21, 5, 2026, 'OTROS', 'USD'), (8, 15000.0, 24, 5, 2026, 'SUPERMERCADO', 'ARS'), (8, 12000.0, 26, 5, 2026, 'RESTAURANTES', 'ARS'), (8, 30.0, 28, 5, 2026, 'OTROS', 'EUR')
Hibernate: INSERT INTO CONSUMOS (ID_TARJETA, MONTO, DIA, MES, ANIO, RUBRO, MONEDA) VALUES (9, 15000.0, 5, 5, 2026, 'SUPERMERCADO', 'ARS'), (9, 30.0, 11, 5, 2026, 'OTROS', 'EUR'), (9, 8500.0, 15, 5, 2026, 'COMBUSTIBLE', 'ARS'), (9, 22000.0, 18, 5, 2026, 'INDUMENTARIA', 'ARS'), (9, 45.0, 20, 5, 2026, 'RESTAURANTES', 'USD'), (9, 12000.0, 25, 5, 2026, 'SUPERMERCADO', 'ARS'), (9, 5000.0, 28, 5, 2026, 'OTROS', 'ARS')
Hibernate: INSERT INTO CONSUMOS (ID_TARJETA, MONTO, DIA, MES, ANIO, RUBRO, MONEDA) VALUES (10, 50000.0, 2, 5, 2026, 'OTROS', 'ARS'), (10, 100.0, 5, 5, 2026, 'RESTAURANTES', 'USD'), (10, 200.0, 10, 5, 2026, 'SUPERMERCADO', 'BRL'), (10, 25000.0, 28, 5, 2026, 'COMBUSTIBLE', 'ARS'), (10, 15000.0, 4, 5, 2026, 'INDUMENTARIA', 'ARS'), (10, 8000.0, 8, 5, 2026, 'SUPERMERCADO', 'ARS'), (10, 45.0, 12, 5, 2026, 'OTROS', 'EUR'), (10, 32000.0, 16, 5, 2026, 'COMBUSTIBLE', 'ARS'), (10, 18000.0, 20, 5, 2026, 'RESTAURANTES', 'ARS'), (10, 5500.0, 24, 5, 2026, 'OTROS', 'ARS'), (10, 120.0, 26, 5, 2026, 'INDUMENTARIA', 'BRL')
Hibernate: INSERT INTO LIQUIDACIONES (ID_TARJETA, MES, ANIO, TOTAL_A_PAGAR, TOTAL_CONSUMOS, TOTAL_IMPUESTOS, TOTAL_DESCUENTOS) VALUES (1, 5, 2026, 475385.0, 436400.0, 43935.0, 4950.0)
Hibernate: INSERT INTO LIQUIDACIONES (ID_TARJETA, MES, ANIO, TOTAL_A_PAGAR, TOTAL_CONSUMOS, TOTAL_IMPUESTOS, TOTAL_DESCUENTOS) VALUES (2, 5, 2026, 192591.88, 172625.0, 26716.88, 6750.0)
Hibernate: INSERT INTO LIQUIDACIONES (ID_TARJETA, MES, ANIO, TOTAL_A_PAGAR, TOTAL_CONSUMOS, TOTAL_IMPUESTOS, TOTAL_DESCUENTOS) VALUES (3, 5, 2026, 642245.0, 590600.0, 52395.0, 750.0)
Hibernate: INSERT INTO LIQUIDACIONES (ID_TARJETA, MES, ANIO, TOTAL_A_PAGAR, TOTAL_CONSUMOS, TOTAL_IMPUESTOS, TOTAL_DESCUENTOS) VALUES (4, 4, 2026, 31900.0, 25000.0, 7650.0, 750.0)
Hibernate: INSERT INTO LIQUIDACIONES (ID_TARJETA, MES, ANIO, TOTAL_A_PAGAR, TOTAL_CONSUMOS, TOTAL_IMPUESTOS, TOTAL_DESCUENTOS) VALUES (4, 5, 2026, 93106.25, 83750.0, 12356.25, 3000.0)
Hibernate: INSERT INTO LIQUIDACIONES (ID_TARJETA, MES, ANIO, TOTAL_A_PAGAR, TOTAL_CONSUMOS, TOTAL_IMPUESTOS, TOTAL_DESCUENTOS) VALUES (5, 5, 2026, 180802.5, 166500.0, 24502.5, 10200.0)
Hibernate: 
    select
        c1_0.MONEDA,
        c1_0.TASA_CAMBIO 
    from
        COTIZACIONES c1_0
Hibernate: 
    select
        t1_0.id,
        t1_0.LIMITE_CREDITO,
        t1_0.NUMERO,
        t1_0.TITULAR 
    from
        TARJETAS t1_0 
    where
        t1_0.id not in (select
            l1_0.ID_TARJETA 
        from
            LIQUIDACIONES l1_0 
        where
            l1_0.ANIO=? 
            and l1_0.MES=?)
Hibernate: 
    select
        c1_0.id,
        c1_0.ANIO,
        c1_0.DIA,
        c1_0.MES,
        c1_0.MONEDA,
        c1_0.MONTO,
        c1_0.RUBRO,
        c1_0.ID_TARJETA 
    from
        CONSUMOS c1_0 
    join
        TARJETAS t1_0 
            on t1_0.id=c1_0.ID_TARJETA 
    where
        t1_0.NUMERO=? 
        and c1_0.ANIO=? 
        and c1_0.MES=?
Hibernate: 
    insert 
    into
        LIQUIDACIONES
        (ANIO, MES, ID_TARJETA, TOTAL_A_PAGAR, TOTAL_CONSUMOS, TOTAL_DESCUENTOS, TOTAL_IMPUESTOS, id) 
    values
        (?, ?, ?, ?, ?, ?, ?, default)
Hibernate: 
    select
        t1_0.id,
        t1_0.LIMITE_CREDITO,
        t1_0.NUMERO,
        t1_0.TITULAR 
    from
        TARJETAS t1_0 
    where
        t1_0.id not in (select
            l1_0.ID_TARJETA 
        from
            LIQUIDACIONES l1_0 
        where
            l1_0.ANIO=? 
            and l1_0.MES=?)
]]></system-out>
    <system-err><![CDATA[Jun 29, 2026 7:20:11 PM org.hibernate.jpa.internal.util.LogHelper logPersistenceUnitInformation
INFO: HHH000204: Processing PersistenceUnitInfo [name: LiquidacionesPU]
Jun 29, 2026 7:20:11 PM org.hibernate.cache.internal.RegionFactoryInitiator initiateService
INFO: HHH000026: Second-level cache disabled
Jun 29, 2026 7:20:11 PM org.hibernate.engine.jdbc.connections.internal.DriverManagerConnectionProviderImpl configure
WARN: HHH10001002: Using built-in connection pool (not intended for production use)
Jun 29, 2026 7:20:11 PM org.hibernate.engine.jdbc.connections.internal.DriverManagerConnectionProviderImpl buildCreator
INFO: HHH10001005: Loaded JDBC driver class: org.h2.Driver
Jun 29, 2026 7:20:11 PM org.hibernate.engine.jdbc.connections.internal.DriverManagerConnectionProviderImpl buildCreator
INFO: HHH10001012: Connecting with JDBC URL [jdbc:h2:mem:liquidaciones;DB_CLOSE_DELAY=-1]
Jun 29, 2026 7:20:11 PM org.hibernate.engine.jdbc.connections.internal.DriverManagerConnectionProviderImpl buildCreator
INFO: HHH10001001: Connection properties: {password=****, user=sa}
Jun 29, 2026 7:20:11 PM org.hibernate.engine.jdbc.connections.internal.DriverManagerConnectionProviderImpl buildCreator
INFO: HHH10001003: Autocommit mode: false
Jun 29, 2026 7:20:11 PM org.hibernate.engine.jdbc.connections.internal.DriverManagerConnectionProviderImpl$PooledConnections <init>
INFO: HHH10001115: Connection pool size: 20 (min=1)
Jun 29, 2026 7:20:11 PM org.hibernate.engine.transaction.jta.platform.internal.JtaPlatformInitiator initiateService
INFO: HHH000489: No JTA platform available (set 'hibernate.transaction.jta.platform' to enable JTA platform integration)
Jun 29, 2026 7:20:11 PM org.hibernate.resource.transaction.backend.jdbc.internal.DdlTransactionIsolatorNonJtaImpl getIsolatedConnection
INFO: HHH10001501: Connection obtained from JdbcConnectionAccess [org.hibernate.engine.jdbc.env.internal.JdbcEnvironmentInitiator$ConnectionProviderJdbcConnectionAccess@696ce057] for (non-JTA) DDL execution was not in auto-commit mode; the Connection 'local transaction' will be committed and the Connection will be set into auto-commit mode.
Jun 29, 2026 7:20:11 PM org.hibernate.resource.transaction.backend.jdbc.internal.DdlTransactionIsolatorNonJtaImpl getIsolatedConnection
INFO: HHH10001501: Connection obtained from JdbcConnectionAccess [org.hibernate.engine.jdbc.env.internal.JdbcEnvironmentInitiator$ConnectionProviderJdbcConnectionAccess@5eba9e41] for (non-JTA) DDL execution was not in auto-commit mode; the Connection 'local transaction' will be committed and the Connection will be set into auto-commit mode.
Jun 29, 2026 7:20:11 PM org.hibernate.engine.jdbc.connections.internal.DriverManagerConnectionProviderImpl$PoolState stop
INFO: HHH10001008: Cleaning up connection pool [jdbc:h2:mem:liquidaciones;DB_CLOSE_DELAY=-1]
]]></system-err>
  </testcase>
</testsuite>