<?xml version="1.0" encoding="UTF-8"?>
<testsuite xmlns:xsi="http://www.w3.org/2001/XMLSchema-instance" xsi:noNamespaceSchemaLocation="https://maven.apache.org/surefire/maven-surefire-plugin/xsd/surefire-test-report-3.0.xsd" version="3.0" name="ar.edu.utn.frc.k5a.parcial.servicios.LiquidacionServiceImplTest" time="4.688" tests="4" errors="3" skipped="0" failures="1">
  <properties>
[...]
</properties>
  <testcase name="testGenerarLiquidacion" classname="ar.edu.utn.frc.k5a.parcial.servicios.LiquidacionServiceImplTest" time="4.306">
    <error message="TODO: generarLiquidacion" type="java.lang.UnsupportedOperationException"><![CDATA[java.lang.UnsupportedOperationException: TODO: generarLiquidacion
	at ar.edu.utn.frc.k5a.parcial.servicios.LiquidacionServiceImpl.generarLiquidacion(LiquidacionServiceImpl.java:56)
	at ar.edu.utn.frc.k5a.parcial.servicios.LiquidacionServiceImplTest.testGenerarLiquidacion(LiquidacionServiceImplTest.java:65)
	at java.base/jdk.internal.reflect.DirectMethodHandleAccessor.invoke(DirectMethodHandleAccessor.java:103)
	at java.base/java.lang.reflect.Method.invoke(Method.java:580)
	at org.junit.platform.commons.util.ReflectionUtils.invokeMethod(ReflectionUtils.java:727)
	at org.junit.jupiter.engine.execution.MethodInvocation.proceed(MethodInvocation.java:60)
	at org.junit.jupiter.engine.execution.InvocationInterceptorChain$ValidatingInvocation.proceed(InvocationInterceptorChain.java:131)
	at org.junit.jupiter.engine.extension.TimeoutExtension.intercept(TimeoutExtension.java:156)
	at org.junit.jupiter.engine.extension.TimeoutExtension.interceptTestableMethod(TimeoutExtension.java:147)
	at org.junit.jupiter.engine.extension.TimeoutExtension.interceptTestMethod(TimeoutExtension.java:86)
	at org.junit.jupiter.engine.execution.InterceptingExecutableInvoker$ReflectiveInterceptorCall.lambda$ofVoidMethod$0(InterceptingExecutableInvoker.java:103)
	at org.junit.jupiter.engine.execution.InterceptingExecutableInvoker.lambda$invoke$0(InterceptingExecutableInvoker.java:93)
	at org.junit.jupiter.engine.execution.InvocationInterceptorChain$InterceptedInvocation.proceed(InvocationInterceptorChain.java:106)
	at org.junit.jupiter.engine.execution.InvocationInterceptorChain.proceed(InvocationInterceptorChain.java:64)
	at org.junit.jupiter.engine.execution.InvocationInterceptorChain.chainAndInvoke(InvocationInterceptorChain.java:45)
	at org.junit.jupiter.engine.execution.InvocationInterceptorChain.invoke(InvocationInterceptorChain.java:37)
	at org.junit.jupiter.engine.execution.InterceptingExecutableInvoker.invoke(InterceptingExecutableInvoker.java:92)
	at org.junit.jupiter.engine.execution.InterceptingExecutableInvoker.invoke(InterceptingExecutableInvoker.java:86)
	at org.junit.jupiter.engine.descriptor.TestMethodTestDescriptor.lambda$invokeTestMethod$7(TestMethodTestDescriptor.java:217)
	at org.junit.platform.engine.support.hierarchical.ThrowableCollector.execute(ThrowableCollector.java:73)
	at org.junit.jupiter.engine.descriptor.TestMethodTestDescriptor.invokeTestMethod(TestMethodTestDescriptor.java:213)
	at org.junit.jupiter.engine.descriptor.TestMethodTestDescriptor.execute(TestMethodTestDescriptor.java:138)
	at org.junit.jupiter.engine.descriptor.TestMethodTestDescriptor.execute(TestMethodTestDescriptor.java:68)
	at org.junit.platform.engine.support.hierarchical.NodeTestTask.lambda$executeRecursively$6(NodeTestTask.java:151)
	at org.junit.platform.engine.support.hierarchical.ThrowableCollector.execute(ThrowableCollector.java:73)
	at org.junit.platform.engine.support.hierarchical.NodeTestTask.lambda$executeRecursively$8(NodeTestTask.java:141)
	at org.junit.platform.engine.support.hierarchical.Node.around(Node.java:137)
	at org.junit.platform.engine.support.hierarchical.NodeTestTask.lambda$executeRecursively$9(NodeTestTask.java:139)
	at org.junit.platform.engine.support.hierarchical.ThrowableCollector.execute(ThrowableCollector.java:73)
	at org.junit.platform.engine.support.hierarchical.NodeTestTask.executeRecursively(NodeTestTask.java:138)
	at org.junit.platform.engine.support.hierarchical.NodeTestTask.execute(NodeTestTask.java:95)
	at java.base/java.util.ArrayList.forEach(ArrayList.java:1596)
	at org.junit.platform.engine.support.hierarchical.SameThreadHierarchicalTestExecutorService.invokeAll(SameThreadHierarchicalTestExecutorService.java:41)
	at org.junit.platform.engine.support.hierarchical.NodeTestTask.lambda$executeRecursively$6(NodeTestTask.java:155)
	at org.junit.platform.engine.support.hierarchical.ThrowableCollector.execute(ThrowableCollector.java:73)
	at org.junit.platform.engine.support.hierarchical.NodeTestTask.lambda$executeRecursively$8(NodeTestTask.java:141)
	at org.junit.platform.engine.support.hierarchical.Node.around(Node.java:137)
	at org.junit.platform.engine.support.hierarchical.NodeTestTask.lambda$executeRecursively$9(NodeTestTask.java:139)
	at org.junit.platform.engine.support.hierarchical.ThrowableCollector.execute(ThrowableCollector.java:73)
	at org.junit.platform.engine.support.hierarchical.NodeTestTask.executeRecursively(NodeTestTask.java:138)
	at org.junit.platform.engine.support.hierarchical.NodeTestTask.execute(NodeTestTask.java:95)
	at java.base/java.util.ArrayList.forEach(ArrayList.java:1596)
	at org.junit.platform.engine.support.hierarchical.SameThreadHierarchicalTestExecutorService.invokeAll(SameThreadHierarchicalTestExecutorService.java:41)
	at org.junit.platform.engine.support.hierarchical.NodeTestTask.lambda$executeRecursively$6(NodeTestTask.java:155)
	at org.junit.platform.engine.support.hierarchical.ThrowableCollector.execute(ThrowableCollector.java:73)
	at org.junit.platform.engine.support.hierarchical.NodeTestTask.lambda$executeRecursively$8(NodeTestTask.java:141)
	at org.junit.platform.engine.support.hierarchical.Node.around(Node.java:137)
	at org.junit.platform.engine.support.hierarchical.NodeTestTask.lambda$executeRecursively$9(NodeTestTask.java:139)
	at org.junit.platform.engine.support.hierarchical.ThrowableCollector.execute(ThrowableCollector.java:73)
	at org.junit.platform.engine.support.hierarchical.NodeTestTask.executeRecursively(NodeTestTask.java:138)
	at org.junit.platform.engine.support.hierarchical.NodeTestTask.execute(NodeTestTask.java:95)
	at org.junit.platform.engine.support.hierarchical.SameThreadHierarchicalTestExecutorService.submit(SameThreadHierarchicalTestExecutorService.java:35)
	at org.junit.platform.engine.support.hierarchical.HierarchicalTestExecutor.execute(HierarchicalTestExecutor.java:57)
	at org.junit.platform.engine.support.hierarchical.HierarchicalTestEngine.execute(HierarchicalTestEngine.java:54)
	at org.junit.platform.launcher.core.EngineExecutionOrchestrator.execute(EngineExecutionOrchestrator.java:147)
	at org.junit.platform.launcher.core.EngineExecutionOrchestrator.execute(EngineExecutionOrchestrator.java:127)
	at org.junit.platform.launcher.core.EngineExecutionOrchestrator.execute(EngineExecutionOrchestrator.java:90)
	at org.junit.platform.launcher.core.EngineExecutionOrchestrator.lambda$execute$0(EngineExecutionOrchestrator.java:55)
	at org.junit.platform.launcher.core.EngineExecutionOrchestrator.withInterceptedStreams(EngineExecutionOrchestrator.java:102)
	at org.junit.platform.launcher.core.EngineExecutionOrchestrator.execute(EngineExecutionOrchestrator.java:54)
	at org.junit.platform.launcher.core.DefaultLauncher.execute(DefaultLauncher.java:114)
	at org.junit.platform.launcher.core.DefaultLauncher.execute(DefaultLauncher.java:86)
	at org.junit.platform.launcher.core.DefaultLauncherSession$DelegatingLauncher.execute(DefaultLauncherSession.java:86)
	at org.apache.maven.surefire.junitplatform.LazyLauncher.execute(LazyLauncher.java:56)
	at org.apache.maven.surefire.junitplatform.JUnitPlatformProvider.execute(JUnitPlatformProvider.java:184)
	at org.apache.maven.surefire.junitplatform.JUnitPlatformProvider.invokeAllTests(JUnitPlatformProvider.java:148)
	at org.apache.maven.surefire.junitplatform.JUnitPlatformProvider.invoke(JUnitPlatformProvider.java:122)
	at org.apache.maven.surefire.booter.ForkedBooter.runSuitesInProcess(ForkedBooter.java:385)
	at org.apache.maven.surefire.booter.ForkedBooter.execute(ForkedBooter.java:162)
	at org.apache.maven.surefire.booter.ForkedBooter.run(ForkedBooter.java:507)
	at org.apache.maven.surefire.booter.ForkedBooter.main(ForkedBooter.java:495)
]]></error>
    <system-out><![CDATA[Hibernate: 
    drop table if exists CONSUMOS cascade 
Hibernate: 
    drop table if exists COTIZACIONES cascade 
Hibernate: 
    drop table if exists LIQUIDACIONES cascade 
Hibernate: 
    drop table if exists TARJETAS cascade 
Hibernate: 
    CREATE TABLE COTIZACIONES (
        MONEDA VARCHAR(3) PRIMARY KEY,
        TASA_CAMBIO FLOAT NOT NULL
    )
Hibernate: 
    CREATE TABLE TARJETAS (
        ID BIGINT AUTO_INCREMENT PRIMARY KEY,
        NUMERO VARCHAR(16) NOT NULL UNIQUE,
        TITULAR VARCHAR(100) NOT NULL,
        LIMITE_CREDITO FLOAT NOT NULL
    )
Hibernate: 
    CREATE TABLE CONSUMOS (
        ID BIGINT AUTO_INCREMENT PRIMARY KEY,
        ID_TARJETA BIGINT NOT NULL,
        MONTO FLOAT NOT NULL,
        DIA INT NOT NULL,
        MES INT NOT NULL,
        ANIO INT NOT NULL,
        RUBRO VARCHAR(20) NOT NULL,
        MONEDA VARCHAR(3) NOT NULL,
        CONSTRAINT fk_consumo_tarjeta FOREIGN KEY (ID_TARJETA) REFERENCES TARJETAS(ID)
    )
Hibernate: 
    CREATE TABLE LIQUIDACIONES (
        ID BIGINT AUTO_INCREMENT PRIMARY KEY,
        ID_TARJETA BIGINT NOT NULL,
        MES INT NOT NULL,
        ANIO INT NOT NULL,
        TOTAL_A_PAGAR FLOAT NOT NULL,
        TOTAL_CONSUMOS FLOAT NOT NULL,
        TOTAL_IMPUESTOS FLOAT NOT NULL,
        TOTAL_DESCUENTOS FLOAT NOT NULL,
        CONSTRAINT fk_liquidacion_tarjeta FOREIGN KEY (ID_TARJETA) REFERENCES TARJETAS(ID)
    )
Hibernate: INSERT INTO COTIZACIONES (MONEDA, TASA_CAMBIO) VALUES ('ARS', 1.00), ('USD', 1550.00), ('EUR', 1680.00), ('BRL', 280.00), ('CLP', 1.45)
Hibernate: INSERT INTO TARJETAS (NUMERO, TITULAR, LIMITE_CREDITO) VALUES ('4500123412340001', 'Juan Perez', 1500000.0), ('4500123412340002', 'Maria Gomez', 1200000.0), ('4500123412340003', 'Carlos Diaz', 2000000.0), ('4500123412340004', 'Ana Martinez', 800000.0), ('4500123412340005', 'Pedro Sanchez', 1000000.0), ('4500123412340006', 'Laura Torres', 950000.0), ('4500123412340007', 'Diego Lopez', 1100000.0), ('4500123412340008', 'Sofia Ramirez', 1300000.0), ('4500123412340009', 'Jorge Romero', 1600000.0), ('4500123412340010', 'Lucia Fernandez', 1800000.0)
Hibernate: INSERT INTO CONSUMOS (ID_TARJETA, MONTO, DIA, MES, ANIO, RUBRO, MONEDA) VALUES (1, 4500.0, 1, 5, 2026, 'SUPERMERCADO', 'ARS'), (1, 20.0, 2, 5, 2026, 'OTROS', 'USD'), (1, 8000.0, 3, 5, 2026, 'COMBUSTIBLE', 'ARS'), (1, 55.0, 5, 5, 2026, 'INDUMENTARIA', 'EUR'), (1, 12000.0, 6, 5, 2026, 'RESTAURANTES', 'ARS'), (1, 3500.0, 8, 5, 2026, 'SUPERMERCADO', 'ARS'), (1, 15.0, 10, 5, 2026, 'OTROS', 'USD'), (1, 9000.0, 12, 5, 2026, 'COMBUSTIBLE', 'ARS'), (1, 40.0, 14, 5, 2026, 'INDUMENTARIA', 'EUR'), (1, 15000.0, 16, 5, 2026, 'RESTAURANTES', 'ARS'), (1, 5500.0, 18, 5, 2026, 'SUPERMERCADO', 'ARS'), (1, 25.0, 20, 5, 2026, 'OTROS', 'USD'), (1, 7500.0, 22, 5, 2026, 'COMBUSTIBLE', 'ARS'), (1, 60.0, 25, 5, 2026, 'INDUMENTARIA', 'EUR'), (1, 18000.0, 28, 5, 2026, 'RESTAURANTES', 'ARS')
Hibernate: INSERT INTO CONSUMOS (ID_TARJETA, MONTO, DIA, MES, ANIO, RUBRO, MONEDA) VALUES (2, 45000.0, 1, 5, 2026, 'INDUMENTARIA', 'ARS'), (2, 12.5, 4, 5, 2026, 'OTROS', 'USD'), (2, 30000.0, 8, 5, 2026, 'SUPERMERCADO', 'ARS'), (2, 5000.0, 12, 5, 2026, 'COMBUSTIBLE', 'ARS'), (2, 100.0, 18, 5, 2026, 'RESTAURANTES', 'BRL'), (2, 22000.0, 22, 5, 2026, 'SUPERMERCADO', 'ARS'), (2, 15.0, 28, 5, 2026, 'OTROS', 'USD')
Hibernate: INSERT INTO CONSUMOS (ID_TARJETA, MONTO, DIA, MES, ANIO, RUBRO, MONEDA) VALUES (3, 120.0, 5, 5, 2026, 'OTROS', 'USD'), (3, 45.0, 6, 5, 2026, 'SUPERMERCADO', 'EUR'), (3, 800.0, 10, 5, 2026, 'RESTAURANTES', 'BRL'), (3, 15000.0, 12, 5, 2026, 'OTROS', 'CLP'), (3, 15.0, 25, 5, 2026, 'INDUMENTARIA', 'USD'), (3, 60000.0, 28, 5, 2026, 'COMBUSTIBLE', 'ARS')
Hibernate: INSERT INTO CONSUMOS (ID_TARJETA, MONTO, DIA, MES, ANIO, RUBRO, MONEDA) VALUES (4, 20000.0, 15, 4, 2026, 'OTROS', 'ARS'), (4, 5000.0, 28, 4, 2026, 'COMBUSTIBLE', 'ARS'), (4, 35000.0, 2, 5, 2026, 'SUPERMERCADO', 'ARS'), (4, 10000.0, 18, 5, 2026, 'RESTAURANTES', 'ARS'), (4, 25.0, 20, 5, 2026, 'INDUMENTARIA', 'USD')
Hibernate: INSERT INTO CONSUMOS (ID_TARJETA, MONTO, DIA, MES, ANIO, RUBRO, MONEDA) VALUES (5, 10000.0, 1, 5, 2026, 'SUPERMERCADO', 'ARS'), (5, 15000.0, 8, 5, 2026, 'SUPERMERCADO', 'ARS'), (5, 22000.0, 15, 5, 2026, 'SUPERMERCADO', 'ARS'), (5, 8000.0, 22, 5, 2026, 'SUPERMERCADO', 'ARS'), (5, 4000.0, 23, 5, 2026, 'COMBUSTIBLE', 'ARS'), (5, 12000.0, 25, 5, 2026, 'RESTAURANTES', 'ARS'), (5, 50.0, 27, 5, 2026, 'OTROS', 'USD'), (5, 18000.0, 29, 5, 2026, 'INDUMENTARIA', 'ARS')
Hibernate: INSERT INTO CONSUMOS (ID_TARJETA, MONTO, DIA, MES, ANIO, RUBRO, MONEDA) VALUES (6, 25000.0, 2, 5, 2026, 'OTROS', 'ARS'), (6, 45.0, 10, 5, 2026, 'INDUMENTARIA', 'EUR'), (6, 32000.0, 15, 5, 2026, 'SUPERMERCADO', 'ARS'), (6, 8500.0, 20, 5, 2026, 'COMBUSTIBLE', 'ARS'), (6, 120.0, 28, 5, 2026, 'RESTAURANTES', 'BRL'), (6, 4000.0, 3, 5, 2026, 'OTROS', 'ARS'), (6, 25.0, 6, 5, 2026, 'INDUMENTARIA', 'USD'), (6, 15000.0, 12, 5, 2026, 'SUPERMERCADO', 'ARS'), (6, 6500.0, 18, 5, 2026, 'COMBUSTIBLE', 'ARS'), (6, 80.0, 22, 5, 2026, 'RESTAURANTES', 'EUR'), (6, 12000.0, 25, 5, 2026, 'OTROS', 'ARS'), (6, 35.0, 27, 5, 2026, 'INDUMENTARIA', 'USD')
Hibernate: INSERT INTO CONSUMOS (ID_TARJETA, MONTO, DIA, MES, ANIO, RUBRO, MONEDA) VALUES (7, 5000.0, 3, 5, 2026, 'RESTAURANTES', 'ARS'), (7, 8000.0, 5, 5, 2026, 'SUPERMERCADO', 'ARS'), (7, 12000.0, 8, 5, 2026, 'COMBUSTIBLE', 'ARS'), (7, 4500.0, 12, 5, 2026, 'OTROS', 'ARS'), (7, 25000.0, 15, 5, 2026, 'INDUMENTARIA', 'ARS'), (7, 10.0, 18, 5, 2026, 'OTROS', 'USD'), (7, 30000.0, 22, 5, 2026, 'SUPERMERCADO', 'ARS'), (7, 7500.0, 25, 5, 2026, 'RESTAURANTES', 'ARS'), (7, 15000.0, 28, 5, 2026, 'COMBUSTIBLE', 'ARS')
Hibernate: INSERT INTO CONSUMOS (ID_TARJETA, MONTO, DIA, MES, ANIO, RUBRO, MONEDA) VALUES (8, 40000.0, 3, 5, 2026, 'COMBUSTIBLE', 'ARS'), (8, 55000.0, 14, 5, 2026, 'INDUMENTARIA', 'ARS'), (8, 20.0, 21, 5, 2026, 'OTROS', 'USD'), (8, 15000.0, 24, 5, 2026, 'SUPERMERCADO', 'ARS'), (8, 12000.0, 26, 5, 2026, 'RESTAURANTES', 'ARS'), (8, 30.0, 28, 5, 2026, 'OTROS', 'EUR')
Hibernate: INSERT INTO CONSUMOS (ID_TARJETA, MONTO, DIA, MES, ANIO, RUBRO, MONEDA) VALUES (9, 15000.0, 5, 5, 2026, 'SUPERMERCADO', 'ARS'), (9, 30.0, 11, 5, 2026, 'OTROS', 'EUR'), (9, 8500.0, 15, 5, 2026, 'COMBUSTIBLE', 'ARS'), (9, 22000.0, 18, 5, 2026, 'INDUMENTARIA', 'ARS'), (9, 45.0, 20, 5, 2026, 'RESTAURANTES', 'USD'), (9, 12000.0, 25, 5, 2026, 'SUPERMERCADO', 'ARS'), (9, 5000.0, 28, 5, 2026, 'OTROS', 'ARS')
Hibernate: INSERT INTO CONSUMOS (ID_TARJETA, MONTO, DIA, MES, ANIO, RUBRO, MONEDA) VALUES (10, 50000.0, 2, 5, 2026, 'OTROS', 'ARS'), (10, 100.0, 5, 5, 2026, 'RESTAURANTES', 'USD'), (10, 200.0, 10, 5, 2026, 'SUPERMERCADO', 'BRL'), (10, 25000.0, 28, 5, 2026, 'COMBUSTIBLE', 'ARS'), (10, 15000.0, 4, 5, 2026, 'INDUMENTARIA', 'ARS'), (10, 8000.0, 8, 5, 2026, 'SUPERMERCADO', 'ARS'), (10, 45.0, 12, 5, 2026, 'OTROS', 'EUR'), (10, 32000.0, 16, 5, 2026, 'COMBUSTIBLE', 'ARS'), (10, 18000.0, 20, 5, 2026, 'RESTAURANTES', 'ARS'), (10, 5500.0, 24, 5, 2026, 'OTROS', 'ARS'), (10, 120.0, 26, 5, 2026, 'INDUMENTARIA', 'BRL')
Hibernate: INSERT INTO LIQUIDACIONES (ID_TARJETA, MES, ANIO, TOTAL_A_PAGAR, TOTAL_CONSUMOS, TOTAL_IMPUESTOS, TOTAL_DESCUENTOS) VALUES (1, 5, 2026, 475385.0, 436400.0, 43935.0, 4950.0)
Hibernate: INSERT INTO LIQUIDACIONES (ID_TARJETA, MES, ANIO, TOTAL_A_PAGAR, TOTAL_CONSUMOS, TOTAL_IMPUESTOS, TOTAL_DESCUENTOS) VALUES (2, 5, 2026, 192591.88, 172625.0, 26716.88, 6750.0)
Hibernate: INSERT INTO LIQUIDACIONES (ID_TARJETA, MES, ANIO, TOTAL_A_PAGAR, TOTAL_CONSUMOS, TOTAL_IMPUESTOS, TOTAL_DESCUENTOS) VALUES (3, 5, 2026, 642245.0, 590600.0, 52395.0, 750.0)
Hibernate: INSERT INTO LIQUIDACIONES (ID_TARJETA, MES, ANIO, TOTAL_A_PAGAR, TOTAL_CONSUMOS, TOTAL_IMPUESTOS, TOTAL_DESCUENTOS) VALUES (4, 4, 2026, 31900.0, 25000.0, 7650.0, 750.0)
Hibernate: INSERT INTO LIQUIDACIONES (ID_TARJETA, MES, ANIO, TOTAL_A_PAGAR, TOTAL_CONSUMOS, TOTAL_IMPUESTOS, TOTAL_DESCUENTOS) VALUES (4, 5, 2026, 93106.25, 83750.0, 12356.25, 3000.0)
Hibernate: INSERT INTO LIQUIDACIONES (ID_TARJETA, MES, ANIO, TOTAL_A_PAGAR, TOTAL_CONSUMOS, TOTAL_IMPUESTOS, TOTAL_DESCUENTOS) VALUES (5, 5, 2026, 180802.5, 166500.0, 24502.5, 10200.0)
Hibernate: 
    select
        c1_0.MONEDA,
        c1_0.TASA_CAMBIO 
    from
        COTIZACIONES c1_0
]]></system-out>
    <system-err><![CDATA[Jun 30, 2026 8:51:00 PM org.hibernate.jpa.internal.util.LogHelper logPersistenceUnitInformation
INFO: HHH000204: Processing PersistenceUnitInfo [name: LiquidacionesPU]
Jun 30, 2026 8:51:00 PM org.hibernate.Version logVersion
INFO: HHH000412: Hibernate ORM core version 6.4.4.Final
Jun 30, 2026 8:51:01 PM org.hibernate.cache.internal.RegionFactoryInitiator initiateService
INFO: HHH000026: Second-level cache disabled
Jun 30, 2026 8:51:01 PM org.hibernate.engine.jdbc.connections.internal.DriverManagerConnectionProviderImpl configure
WARN: HHH10001002: Using built-in connection pool (not intended for production use)
Jun 30, 2026 8:51:01 PM org.hibernate.engine.jdbc.connections.internal.DriverManagerConnectionProviderImpl buildCreator
INFO: HHH10001005: Loaded JDBC driver class: org.h2.Driver
Jun 30, 2026 8:51:01 PM org.hibernate.engine.jdbc.connections.internal.DriverManagerConnectionProviderImpl buildCreator
INFO: HHH10001012: Connecting with JDBC URL [jdbc:h2:mem:liquidaciones;DB_CLOSE_DELAY=-1]
Jun 30, 2026 8:51:01 PM org.hibernate.engine.jdbc.connections.internal.DriverManagerConnectionProviderImpl buildCreator
INFO: HHH10001001: Connection properties: {password=****, user=sa}
Jun 30, 2026 8:51:01 PM org.hibernate.engine.jdbc.connections.internal.DriverManagerConnectionProviderImpl buildCreator
INFO: HHH10001003: Autocommit mode: false
Jun 30, 2026 8:51:01 PM org.hibernate.engine.jdbc.connections.internal.DriverManagerConnectionProviderImpl$PooledConnections <init>
INFO: HHH10001115: Connection pool size: 20 (min=1)
Jun 30, 2026 8:51:03 PM org.hibernate.engine.transaction.jta.platform.internal.JtaPlatformInitiator initiateService
INFO: HHH000489: No JTA platform available (set 'hibernate.transaction.jta.platform' to enable JTA platform integration)
Jun 30, 2026 8:51:03 PM org.hibernate.resource.transaction.backend.jdbc.internal.DdlTransactionIsolatorNonJtaImpl getIsolatedConnection
INFO: HHH10001501: Connection obtained from JdbcConnectionAccess [org.hibernate.engine.jdbc.env.internal.JdbcEnvironmentInitiator$ConnectionProviderJdbcConnectionAccess@47187f50] for (non-JTA) DDL execution was not in auto-commit mode; the Connection 'local transaction' will be committed and the Connection will be set into auto-commit mode.
Jun 30, 2026 8:51:03 PM org.hibernate.resource.transaction.backend.jdbc.internal.DdlTransactionIsolatorNonJtaImpl getIsolatedConnection
INFO: HHH10001501: Connection obtained from JdbcConnectionAccess [org.hibernate.engine.jdbc.env.internal.JdbcEnvironmentInitiator$ConnectionProviderJdbcConnectionAccess@67c6f4d8] for (non-JTA) DDL execution was not in auto-commit mode; the Connection 'local transaction' will be committed and the Connection will be set into auto-commit mode.
Jun 30, 2026 8:51:03 PM org.hibernate.engine.jdbc.connections.internal.DriverManagerConnectionProviderImpl$PoolState stop
INFO: HHH10001008: Cleaning up connection pool [jdbc:h2:mem:liquidaciones;DB_CLOSE_DELAY=-1]
Jun 30, 2026 8:51:03 PM org.hibernate.engine.jdbc.connections.internal.DriverManagerConnectionProviderImpl$PooledConnections close
ERROR: Connection leak detected: there are 1 unclosed connections upon shutting down pool jdbc:h2:mem:liquidaciones;DB_CLOSE_DELAY=-1
Jun 30, 2026 8:51:03 PM org.hibernate.engine.jdbc.connections.internal.DriverManagerConnectionProviderImpl validateConnectionsReturned
ERROR: Connection leak detected: there are 1 unclosed connections
]]></system-err>
  </testcase>
  <testcase name="testLiquidarLote" classname="ar.edu.utn.frc.k5a.parcial.servicios.LiquidacionServiceImplTest" time="0.136">
    <error message="TODO: liquidarLote" type="java.lang.UnsupportedOperationException"><![CDATA[java.lang.UnsupportedOperationException: TODO: liquidarLote
	at ar.edu.utn.frc.k5a.parcial.servicios.LiquidacionServiceImpl.liquidarLote(LiquidacionServiceImpl.java:68)
	at ar.edu.utn.frc.k5a.parcial.servicios.LiquidacionServiceImplTest.testLiquidarLote(LiquidacionServiceImplTest.java:104)
	at java.base/jdk.internal.reflect.DirectMethodHandleAccessor.invoke(DirectMethodHandleAccessor.java:103)
	at java.base/java.lang.reflect.Method.invoke(Method.java:580)
	at org.junit.platform.commons.util.ReflectionUtils.invokeMethod(ReflectionUtils.java:727)
	at org.junit.jupiter.engine.execution.MethodInvocation.proceed(MethodInvocation.java:60)
	at org.junit.jupiter.engine.execution.InvocationInterceptorChain$ValidatingInvocation.proceed(InvocationInterceptorChain.java:131)
	at org.junit.jupiter.engine.extension.TimeoutExtension.intercept(TimeoutExtension.java:156)
	at org.junit.jupiter.engine.extension.TimeoutExtension.interceptTestableMethod(TimeoutExtension.java:147)
	at org.junit.jupiter.engine.extension.TimeoutExtension.interceptTestMethod(TimeoutExtension.java:86)
	at org.junit.jupiter.engine.execution.InterceptingExecutableInvoker$ReflectiveInterceptorCall.lambda$ofVoidMethod$0(InterceptingExecutableInvoker.java:103)
	at org.junit.jupiter.engine.execution.InterceptingExecutableInvoker.lambda$invoke$0(InterceptingExecutableInvoker.java:93)
	at org.junit.jupiter.engine.execution.InvocationInterceptorChain$InterceptedInvocation.proceed(InvocationInterceptorChain.java:106)
	at org.junit.jupiter.engine.execution.InvocationInterceptorChain.proceed(InvocationInterceptorChain.java:64)
	at org.junit.jupiter.engine.execution.InvocationInterceptorChain.chainAndInvoke(InvocationInterceptorChain.java:45)
	at org.junit.jupiter.engine.execution.InvocationInterceptorChain.invoke(InvocationInterceptorChain.java:37)
	at org.junit.jupiter.engine.execution.InterceptingExecutableInvoker.invoke(InterceptingExecutableInvoker.java:92)
	at org.junit.jupiter.engine.execution.InterceptingExecutableInvoker.invoke(InterceptingExecutableInvoker.java:86)
	at org.junit.jupiter.engine.descriptor.TestMethodTestDescriptor.lambda$invokeTestMethod$7(TestMethodTestDescriptor.java:217)
	at org.junit.platform.engine.support.hierarchical.ThrowableCollector.execute(ThrowableCollector.java:73)
	at org.junit.jupiter.engine.descriptor.TestMethodTestDescriptor.invokeTestMethod(TestMethodTestDescriptor.java:213)
	at org.junit.jupiter.engine.descriptor.TestMethodTestDescriptor.execute(TestMethodTestDescriptor.java:138)
	at org.junit.jupiter.engine.descriptor.TestMethodTestDescriptor.execute(TestMethodTestDescriptor.java:68)
	at org.junit.platform.engine.support.hierarchical.NodeTestTask.lambda$executeRecursively$6(NodeTestTask.java:151)
	at org.junit.platform.engine.support.hierarchical.ThrowableCollector.execute(ThrowableCollector.java:73)
	at org.junit.platform.engine.support.hierarchical.NodeTestTask.lambda$executeRecursively$8(NodeTestTask.java:141)
	at org.junit.platform.engine.support.hierarchical.Node.around(Node.java:137)
	at org.junit.platform.engine.support.hierarchical.NodeTestTask.lambda$executeRecursively$9(NodeTestTask.java:139)
	at org.junit.platform.engine.support.hierarchical.ThrowableCollector.execute(ThrowableCollector.java:73)
	at org.junit.platform.engine.support.hierarchical.NodeTestTask.executeRecursively(NodeTestTask.java:138)
	at org.junit.platform.engine.support.hierarchical.NodeTestTask.execute(NodeTestTask.java:95)
	at java.base/java.util.ArrayList.forEach(ArrayList.java:1596)
	at org.junit.platform.engine.support.hierarchical.SameThreadHierarchicalTestExecutorService.invokeAll(SameThreadHierarchicalTestExecutorService.java:41)
	at org.junit.platform.engine.support.hierarchical.NodeTestTask.lambda$executeRecursively$6(NodeTestTask.java:155)
	at org.junit.platform.engine.support.hierarchical.ThrowableCollector.execute(ThrowableCollector.java:73)
	at org.junit.platform.engine.support.hierarchical.NodeTestTask.lambda$executeRecursively$8(NodeTestTask.java:141)
	at org.junit.platform.engine.support.hierarchical.Node.around(Node.java:137)
	at org.junit.platform.engine.support.hierarchical.NodeTestTask.lambda$executeRecursively$9(NodeTestTask.java:139)
	at org.junit.platform.engine.support.hierarchical.ThrowableCollector.execute(ThrowableCollector.java:73)
	at org.junit.platform.engine.support.hierarchical.NodeTestTask.executeRecursively(NodeTestTask.java:138)
	at org.junit.platform.engine.support.hierarchical.NodeTestTask.execute(NodeTestTask.java:95)
	at java.base/java.util.ArrayList.forEach(ArrayList.java:1596)
	at org.junit.platform.engine.support.hierarchical.SameThreadHierarchicalTestExecutorService.invokeAll(SameThreadHierarchicalTestExecutorService.java:41)
	at org.junit.platform.engine.support.hierarchical.NodeTestTask.lambda$executeRecursively$6(NodeTestTask.java:155)
	at org.junit.platform.engine.support.hierarchical.ThrowableCollector.execute(ThrowableCollector.java:73)
	at org.junit.platform.engine.support.hierarchical.NodeTestTask.lambda$executeRecursively$8(NodeTestTask.java:141)
	at org.junit.platform.engine.support.hierarchical.Node.around(Node.java:137)
	at org.junit.platform.engine.support.hierarchical.NodeTestTask.lambda$executeRecursively$9(NodeTestTask.java:139)
	at org.junit.platform.engine.support.hierarchical.ThrowableCollector.execute(ThrowableCollector.java:73)
	at org.junit.platform.engine.support.hierarchical.NodeTestTask.executeRecursively(NodeTestTask.java:138)
	at org.junit.platform.engine.support.hierarchical.NodeTestTask.execute(NodeTestTask.java:95)
	at org.junit.platform.engine.support.hierarchical.SameThreadHierarchicalTestExecutorService.submit(SameThreadHierarchicalTestExecutorService.java:35)
	at org.junit.platform.engine.support.hierarchical.HierarchicalTestExecutor.execute(HierarchicalTestExecutor.java:57)
	at org.junit.platform.engine.support.hierarchical.HierarchicalTestEngine.execute(HierarchicalTestEngine.java:54)
	at org.junit.platform.launcher.core.EngineExecutionOrchestrator.execute(EngineExecutionOrchestrator.java:147)
	at org.junit.platform.launcher.core.EngineExecutionOrchestrator.execute(EngineExecutionOrchestrator.java:127)
	at org.junit.platform.launcher.core.EngineExecutionOrchestrator.execute(EngineExecutionOrchestrator.java:90)
	at org.junit.platform.launcher.core.EngineExecutionOrchestrator.lambda$execute$0(EngineExecutionOrchestrator.java:55)
	at org.junit.platform.launcher.core.EngineExecutionOrchestrator.withInterceptedStreams(EngineExecutionOrchestrator.java:102)
	at org.junit.platform.launcher.core.EngineExecutionOrchestrator.execute(EngineExecutionOrchestrator.java:54)
	at org.junit.platform.launcher.core.DefaultLauncher.execute(DefaultLauncher.java:114)
	at org.junit.platform.launcher.core.DefaultLauncher.execute(DefaultLauncher.java:86)
	at org.junit.platform.launcher.core.DefaultLauncherSession$DelegatingLauncher.execute(DefaultLauncherSession.java:86)
	at org.apache.maven.surefire.junitplatform.LazyLauncher.execute(LazyLauncher.java:56)
	at org.apache.maven.surefire.junitplatform.JUnitPlatformProvider.execute(JUnitPlatformProvider.java:184)
	at org.apache.maven.surefire.junitplatform.JUnitPlatformProvider.invokeAllTests(JUnitPlatformProvider.java:148)
	at org.apache.maven.surefire.junitplatform.JUnitPlatformProvider.invoke(JUnitPlatformProvider.java:122)
	at org.apache.maven.surefire.booter.ForkedBooter.runSuitesInProcess(ForkedBooter.java:385)
	at org.apache.maven.surefire.booter.ForkedBooter.execute(ForkedBooter.java:162)
	at org.apache.maven.surefire.booter.ForkedBooter.run(ForkedBooter.java:507)
	at org.apache.maven.surefire.booter.ForkedBooter.main(ForkedBooter.java:495)
]]></error>
    <system-out><![CDATA[Hibernate: 
    drop table if exists CONSUMOS cascade 
Hibernate: 
    drop table if exists COTIZACIONES cascade 
Hibernate: 
    drop table if exists LIQUIDACIONES cascade 
Hibernate: 
    drop table if exists TARJETAS cascade 
Hibernate: 
    CREATE TABLE COTIZACIONES (
        MONEDA VARCHAR(3) PRIMARY KEY,
        TASA_CAMBIO FLOAT NOT NULL
    )
Hibernate: 
    CREATE TABLE TARJETAS (
        ID BIGINT AUTO_INCREMENT PRIMARY KEY,
        NUMERO VARCHAR(16) NOT NULL UNIQUE,
        TITULAR VARCHAR(100) NOT NULL,
        LIMITE_CREDITO FLOAT NOT NULL
    )
Hibernate: 
    CREATE TABLE CONSUMOS (
        ID BIGINT AUTO_INCREMENT PRIMARY KEY,
        ID_TARJETA BIGINT NOT NULL,
        MONTO FLOAT NOT NULL,
        DIA INT NOT NULL,
        MES INT NOT NULL,
        ANIO INT NOT NULL,
        RUBRO VARCHAR(20) NOT NULL,
        MONEDA VARCHAR(3) NOT NULL,
        CONSTRAINT fk_consumo_tarjeta FOREIGN KEY (ID_TARJETA) REFERENCES TARJETAS(ID)
    )
Hibernate: 
    CREATE TABLE LIQUIDACIONES (
        ID BIGINT AUTO_INCREMENT PRIMARY KEY,
        ID_TARJETA BIGINT NOT NULL,
        MES INT NOT NULL,
        ANIO INT NOT NULL,
        TOTAL_A_PAGAR FLOAT NOT NULL,
        TOTAL_CONSUMOS FLOAT NOT NULL,
        TOTAL_IMPUESTOS FLOAT NOT NULL,
        TOTAL_DESCUENTOS FLOAT NOT NULL,
        CONSTRAINT fk_liquidacion_tarjeta FOREIGN KEY (ID_TARJETA) REFERENCES TARJETAS(ID)
    )
Hibernate: INSERT INTO COTIZACIONES (MONEDA, TASA_CAMBIO) VALUES ('ARS', 1.00), ('USD', 1550.00), ('EUR', 1680.00), ('BRL', 280.00), ('CLP', 1.45)
Hibernate: INSERT INTO TARJETAS (NUMERO, TITULAR, LIMITE_CREDITO) VALUES ('4500123412340001', 'Juan Perez', 1500000.0), ('4500123412340002', 'Maria Gomez', 1200000.0), ('4500123412340003', 'Carlos Diaz', 2000000.0), ('4500123412340004', 'Ana Martinez', 800000.0), ('4500123412340005', 'Pedro Sanchez', 1000000.0), ('4500123412340006', 'Laura Torres', 950000.0), ('4500123412340007', 'Diego Lopez', 1100000.0), ('4500123412340008', 'Sofia Ramirez', 1300000.0), ('4500123412340009', 'Jorge Romero', 1600000.0), ('4500123412340010', 'Lucia Fernandez', 1800000.0)
Hibernate: INSERT INTO CONSUMOS (ID_TARJETA, MONTO, DIA, MES, ANIO, RUBRO, MONEDA) VALUES (1, 4500.0, 1, 5, 2026, 'SUPERMERCADO', 'ARS'), (1, 20.0, 2, 5, 2026, 'OTROS', 'USD'), (1, 8000.0, 3, 5, 2026, 'COMBUSTIBLE', 'ARS'), (1, 55.0, 5, 5, 2026, 'INDUMENTARIA', 'EUR'), (1, 12000.0, 6, 5, 2026, 'RESTAURANTES', 'ARS'), (1, 3500.0, 8, 5, 2026, 'SUPERMERCADO', 'ARS'), (1, 15.0, 10, 5, 2026, 'OTROS', 'USD'), (1, 9000.0, 12, 5, 2026, 'COMBUSTIBLE', 'ARS'), (1, 40.0, 14, 5, 2026, 'INDUMENTARIA', 'EUR'), (1, 15000.0, 16, 5, 2026, 'RESTAURANTES', 'ARS'), (1, 5500.0, 18, 5, 2026, 'SUPERMERCADO', 'ARS'), (1, 25.0, 20, 5, 2026, 'OTROS', 'USD'), (1, 7500.0, 22, 5, 2026, 'COMBUSTIBLE', 'ARS'), (1, 60.0, 25, 5, 2026, 'INDUMENTARIA', 'EUR'), (1, 18000.0, 28, 5, 2026, 'RESTAURANTES', 'ARS')
Hibernate: INSERT INTO CONSUMOS (ID_TARJETA, MONTO, DIA, MES, ANIO, RUBRO, MONEDA) VALUES (2, 45000.0, 1, 5, 2026, 'INDUMENTARIA', 'ARS'), (2, 12.5, 4, 5, 2026, 'OTROS', 'USD'), (2, 30000.0, 8, 5, 2026, 'SUPERMERCADO', 'ARS'), (2, 5000.0, 12, 5, 2026, 'COMBUSTIBLE', 'ARS'), (2, 100.0, 18, 5, 2026, 'RESTAURANTES', 'BRL'), (2, 22000.0, 22, 5, 2026, 'SUPERMERCADO', 'ARS'), (2, 15.0, 28, 5, 2026, 'OTROS', 'USD')
Hibernate: INSERT INTO CONSUMOS (ID_TARJETA, MONTO, DIA, MES, ANIO, RUBRO, MONEDA) VALUES (3, 120.0, 5, 5, 2026, 'OTROS', 'USD'), (3, 45.0, 6, 5, 2026, 'SUPERMERCADO', 'EUR'), (3, 800.0, 10, 5, 2026, 'RESTAURANTES', 'BRL'), (3, 15000.0, 12, 5, 2026, 'OTROS', 'CLP'), (3, 15.0, 25, 5, 2026, 'INDUMENTARIA', 'USD'), (3, 60000.0, 28, 5, 2026, 'COMBUSTIBLE', 'ARS')
Hibernate: INSERT INTO CONSUMOS (ID_TARJETA, MONTO, DIA, MES, ANIO, RUBRO, MONEDA) VALUES (4, 20000.0, 15, 4, 2026, 'OTROS', 'ARS'), (4, 5000.0, 28, 4, 2026, 'COMBUSTIBLE', 'ARS'), (4, 35000.0, 2, 5, 2026, 'SUPERMERCADO', 'ARS'), (4, 10000.0, 18, 5, 2026, 'RESTAURANTES', 'ARS'), (4, 25.0, 20, 5, 2026, 'INDUMENTARIA', 'USD')
Hibernate: INSERT INTO CONSUMOS (ID_TARJETA, MONTO, DIA, MES, ANIO, RUBRO, MONEDA) VALUES (5, 10000.0, 1, 5, 2026, 'SUPERMERCADO', 'ARS'), (5, 15000.0, 8, 5, 2026, 'SUPERMERCADO', 'ARS'), (5, 22000.0, 15, 5, 2026, 'SUPERMERCADO', 'ARS'), (5, 8000.0, 22, 5, 2026, 'SUPERMERCADO', 'ARS'), (5, 4000.0, 23, 5, 2026, 'COMBUSTIBLE', 'ARS'), (5, 12000.0, 25, 5, 2026, 'RESTAURANTES', 'ARS'), (5, 50.0, 27, 5, 2026, 'OTROS', 'USD'), (5, 18000.0, 29, 5, 2026, 'INDUMENTARIA', 'ARS')
Hibernate: INSERT INTO CONSUMOS (ID_TARJETA, MONTO, DIA, MES, ANIO, RUBRO, MONEDA) VALUES (6, 25000.0, 2, 5, 2026, 'OTROS', 'ARS'), (6, 45.0, 10, 5, 2026, 'INDUMENTARIA', 'EUR'), (6, 32000.0, 15, 5, 2026, 'SUPERMERCADO', 'ARS'), (6, 8500.0, 20, 5, 2026, 'COMBUSTIBLE', 'ARS'), (6, 120.0, 28, 5, 2026, 'RESTAURANTES', 'BRL'), (6, 4000.0, 3, 5, 2026, 'OTROS', 'ARS'), (6, 25.0, 6, 5, 2026, 'INDUMENTARIA', 'USD'), (6, 15000.0, 12, 5, 2026, 'SUPERMERCADO', 'ARS'), (6, 6500.0, 18, 5, 2026, 'COMBUSTIBLE', 'ARS'), (6, 80.0, 22, 5, 2026, 'RESTAURANTES', 'EUR'), (6, 12000.0, 25, 5, 2026, 'OTROS', 'ARS'), (6, 35.0, 27, 5, 2026, 'INDUMENTARIA', 'USD')
Hibernate: INSERT INTO CONSUMOS (ID_TARJETA, MONTO, DIA, MES, ANIO, RUBRO, MONEDA) VALUES (7, 5000.0, 3, 5, 2026, 'RESTAURANTES', 'ARS'), (7, 8000.0, 5, 5, 2026, 'SUPERMERCADO', 'ARS'), (7, 12000.0, 8, 5, 2026, 'COMBUSTIBLE', 'ARS'), (7, 4500.0, 12, 5, 2026, 'OTROS', 'ARS'), (7, 25000.0, 15, 5, 2026, 'INDUMENTARIA', 'ARS'), (7, 10.0, 18, 5, 2026, 'OTROS', 'USD'), (7, 30000.0, 22, 5, 2026, 'SUPERMERCADO', 'ARS'), (7, 7500.0, 25, 5, 2026, 'RESTAURANTES', 'ARS'), (7, 15000.0, 28, 5, 2026, 'COMBUSTIBLE', 'ARS')
Hibernate: INSERT INTO CONSUMOS (ID_TARJETA, MONTO, DIA, MES, ANIO, RUBRO, MONEDA) VALUES (8, 40000.0, 3, 5, 2026, 'COMBUSTIBLE', 'ARS'), (8, 55000.0, 14, 5, 2026, 'INDUMENTARIA', 'ARS'), (8, 20.0, 21, 5, 2026, 'OTROS', 'USD'), (8, 15000.0, 24, 5, 2026, 'SUPERMERCADO', 'ARS'), (8, 12000.0, 26, 5, 2026, 'RESTAURANTES', 'ARS'), (8, 30.0, 28, 5, 2026, 'OTROS', 'EUR')
Hibernate: INSERT INTO CONSUMOS (ID_TARJETA, MONTO, DIA, MES, ANIO, RUBRO, MONEDA) VALUES (9, 15000.0, 5, 5, 2026, 'SUPERMERCADO', 'ARS'), (9, 30.0, 11, 5, 2026, 'OTROS', 'EUR'), (9, 8500.0, 15, 5, 2026, 'COMBUSTIBLE', 'ARS'), (9, 22000.0, 18, 5, 2026, 'INDUMENTARIA', 'ARS'), (9, 45.0, 20, 5, 2026, 'RESTAURANTES', 'USD'), (9, 12000.0, 25, 5, 2026, 'SUPERMERCADO', 'ARS'), (9, 5000.0, 28, 5, 2026, 'OTROS', 'ARS')
Hibernate: INSERT INTO CONSUMOS (ID_TARJETA, MONTO, DIA, MES, ANIO, RUBRO, MONEDA) VALUES (10, 50000.0, 2, 5, 2026, 'OTROS', 'ARS'), (10, 100.0, 5, 5, 2026, 'RESTAURANTES', 'USD'), (10, 200.0, 10, 5, 2026, 'SUPERMERCADO', 'BRL'), (10, 25000.0, 28, 5, 2026, 'COMBUSTIBLE', 'ARS'), (10, 15000.0, 4, 5, 2026, 'INDUMENTARIA', 'ARS'), (10, 8000.0, 8, 5, 2026, 'SUPERMERCADO', 'ARS'), (10, 45.0, 12, 5, 2026, 'OTROS', 'EUR'), (10, 32000.0, 16, 5, 2026, 'COMBUSTIBLE', 'ARS'), (10, 18000.0, 20, 5, 2026, 'RESTAURANTES', 'ARS'), (10, 5500.0, 24, 5, 2026, 'OTROS', 'ARS'), (10, 120.0, 26, 5, 2026, 'INDUMENTARIA', 'BRL')
Hibernate: INSERT INTO LIQUIDACIONES (ID_TARJETA, MES, ANIO, TOTAL_A_PAGAR, TOTAL_CONSUMOS, TOTAL_IMPUESTOS, TOTAL_DESCUENTOS) VALUES (1, 5, 2026, 475385.0, 436400.0, 43935.0, 4950.0)
Hibernate: INSERT INTO LIQUIDACIONES (ID_TARJETA, MES, ANIO, TOTAL_A_PAGAR, TOTAL_CONSUMOS, TOTAL_IMPUESTOS, TOTAL_DESCUENTOS) VALUES (2, 5, 2026, 192591.88, 172625.0, 26716.88, 6750.0)
Hibernate: INSERT INTO LIQUIDACIONES (ID_TARJETA, MES, ANIO, TOTAL_A_PAGAR, TOTAL_CONSUMOS, TOTAL_IMPUESTOS, TOTAL_DESCUENTOS) VALUES (3, 5, 2026, 642245.0, 590600.0, 52395.0, 750.0)
Hibernate: INSERT INTO LIQUIDACIONES (ID_TARJETA, MES, ANIO, TOTAL_A_PAGAR, TOTAL_CONSUMOS, TOTAL_IMPUESTOS, TOTAL_DESCUENTOS) VALUES (4, 4, 2026, 31900.0, 25000.0, 7650.0, 750.0)
Hibernate: INSERT INTO LIQUIDACIONES (ID_TARJETA, MES, ANIO, TOTAL_A_PAGAR, TOTAL_CONSUMOS, TOTAL_IMPUESTOS, TOTAL_DESCUENTOS) VALUES (4, 5, 2026, 93106.25, 83750.0, 12356.25, 3000.0)
Hibernate: INSERT INTO LIQUIDACIONES (ID_TARJETA, MES, ANIO, TOTAL_A_PAGAR, TOTAL_CONSUMOS, TOTAL_IMPUESTOS, TOTAL_DESCUENTOS) VALUES (5, 5, 2026, 180802.5, 166500.0, 24502.5, 10200.0)
Hibernate: 
    select
        c1_0.MONEDA,
        c1_0.TASA_CAMBIO 
    from
        COTIZACIONES c1_0
]]></system-out>
    <system-err><![CDATA[Jun 30, 2026 8:51:03 PM org.hibernate.jpa.internal.util.LogHelper logPersistenceUnitInformation
INFO: HHH000204: Processing PersistenceUnitInfo [name: LiquidacionesPU]
Jun 30, 2026 8:51:03 PM org.hibernate.cache.internal.RegionFactoryInitiator initiateService
INFO: HHH000026: Second-level cache disabled
Jun 30, 2026 8:51:03 PM org.hibernate.engine.jdbc.connections.internal.DriverManagerConnectionProviderImpl configure
WARN: HHH10001002: Using built-in connection pool (not intended for production use)
Jun 30, 2026 8:51:03 PM org.hibernate.engine.jdbc.connections.internal.DriverManagerConnectionProviderImpl buildCreator
INFO: HHH10001005: Loaded JDBC driver class: org.h2.Driver
Jun 30, 2026 8:51:03 PM org.hibernate.engine.jdbc.connections.internal.DriverManagerConnectionProviderImpl buildCreator
INFO: HHH10001012: Connecting with JDBC URL [jdbc:h2:mem:liquidaciones;DB_CLOSE_DELAY=-1]
Jun 30, 2026 8:51:03 PM org.hibernate.engine.jdbc.connections.internal.DriverManagerConnectionProviderImpl buildCreator
INFO: HHH10001001: Connection properties: {password=****, user=sa}
Jun 30, 2026 8:51:03 PM org.hibernate.engine.jdbc.connections.internal.DriverManagerConnectionProviderImpl buildCreator
INFO: HHH10001003: Autocommit mode: false
Jun 30, 2026 8:51:03 PM org.hibernate.engine.jdbc.connections.internal.DriverManagerConnectionProviderImpl$PooledConnections <init>
INFO: HHH10001115: Connection pool size: 20 (min=1)
Jun 30, 2026 8:51:03 PM org.hibernate.engine.transaction.jta.platform.internal.JtaPlatformInitiator initiateService
INFO: HHH000489: No JTA platform available (set 'hibernate.transaction.jta.platform' to enable JTA platform integration)
Jun 30, 2026 8:51:03 PM org.hibernate.resource.transaction.backend.jdbc.internal.DdlTransactionIsolatorNonJtaImpl getIsolatedConnection
INFO: HHH10001501: Connection obtained from JdbcConnectionAccess [org.hibernate.engine.jdbc.env.internal.JdbcEnvironmentInitiator$ConnectionProviderJdbcConnectionAccess@3ca278bc] for (non-JTA) DDL execution was not in auto-commit mode; the Connection 'local transaction' will be committed and the Connection will be set into auto-commit mode.
Jun 30, 2026 8:51:03 PM org.hibernate.resource.transaction.backend.jdbc.internal.DdlTransactionIsolatorNonJtaImpl getIsolatedConnection
INFO: HHH10001501: Connection obtained from JdbcConnectionAccess [org.hibernate.engine.jdbc.env.internal.JdbcEnvironmentInitiator$ConnectionProviderJdbcConnectionAccess@2acb1264] for (non-JTA) DDL execution was not in auto-commit mode; the Connection 'local transaction' will be committed and the Connection will be set into auto-commit mode.
Jun 30, 2026 8:51:03 PM org.hibernate.engine.jdbc.connections.internal.DriverManagerConnectionProviderImpl$PoolState stop
INFO: HHH10001008: Cleaning up connection pool [jdbc:h2:mem:liquidaciones;DB_CLOSE_DELAY=-1]
Jun 30, 2026 8:51:03 PM org.hibernate.engine.jdbc.connections.internal.DriverManagerConnectionProviderImpl$PooledConnections close
ERROR: Connection leak detected: there are 1 unclosed connections upon shutting down pool jdbc:h2:mem:liquidaciones;DB_CLOSE_DELAY=-1
Jun 30, 2026 8:51:03 PM org.hibernate.engine.jdbc.connections.internal.DriverManagerConnectionProviderImpl validateConnectionsReturned
ERROR: Connection leak detected: there are 1 unclosed connections
]]></system-err>
  </testcase>
  <testcase name="testTarjetaInexistente" classname="ar.edu.utn.frc.k5a.parcial.servicios.LiquidacionServiceImplTest" time="0.116">
    <failure message="Unexpected exception type thrown, expected: &lt;ar.edu.utn.frc.k5a.parcial.excepciones.TarjetaInexistenteException&gt; but was: &lt;java.lang.UnsupportedOperationException&gt;" type="org.opentest4j.AssertionFailedError"><![CDATA[org.opentest4j.AssertionFailedError: Unexpected exception type thrown, expected: <ar.edu.utn.frc.k5a.parcial.excepciones.TarjetaInexistenteException> but was: <java.lang.UnsupportedOperationException>
	at org.junit.jupiter.api.AssertionFailureBuilder.build(AssertionFailureBuilder.java:151)
	at org.junit.jupiter.api.AssertThrows.assertThrows(AssertThrows.java:67)
	at org.junit.jupiter.api.AssertThrows.assertThrows(AssertThrows.java:35)
	at org.junit.jupiter.api.Assertions.assertThrows(Assertions.java:3083)
	at ar.edu.utn.frc.k5a.parcial.servicios.LiquidacionServiceImplTest.testTarjetaInexistente(LiquidacionServiceImplTest.java:59)
	at java.base/jdk.internal.reflect.DirectMethodHandleAccessor.invoke(DirectMethodHandleAccessor.java:103)
	at java.base/java.lang.reflect.Method.invoke(Method.java:580)
	at org.junit.platform.commons.util.ReflectionUtils.invokeMethod(ReflectionUtils.java:727)
	at org.junit.jupiter.engine.execution.MethodInvocation.proceed(MethodInvocation.java:60)
	at org.junit.jupiter.engine.execution.InvocationInterceptorChain$ValidatingInvocation.proceed(InvocationInterceptorChain.java:131)
	at org.junit.jupiter.engine.extension.TimeoutExtension.intercept(TimeoutExtension.java:156)
	at org.junit.jupiter.engine.extension.TimeoutExtension.interceptTestableMethod(TimeoutExtension.java:147)
	at org.junit.jupiter.engine.extension.TimeoutExtension.interceptTestMethod(TimeoutExtension.java:86)
	at org.junit.jupiter.engine.execution.InterceptingExecutableInvoker$ReflectiveInterceptorCall.lambda$ofVoidMethod$0(InterceptingExecutableInvoker.java:103)
	at org.junit.jupiter.engine.execution.InterceptingExecutableInvoker.lambda$invoke$0(InterceptingExecutableInvoker.java:93)
	at org.junit.jupiter.engine.execution.InvocationInterceptorChain$InterceptedInvocation.proceed(InvocationInterceptorChain.java:106)
	at org.junit.jupiter.engine.execution.InvocationInterceptorChain.proceed(InvocationInterceptorChain.java:64)
	at org.junit.jupiter.engine.execution.InvocationInterceptorChain.chainAndInvoke(InvocationInterceptorChain.java:45)
	at org.junit.jupiter.engine.execution.InvocationInterceptorChain.invoke(InvocationInterceptorChain.java:37)
	at org.junit.jupiter.engine.execution.InterceptingExecutableInvoker.invoke(InterceptingExecutableInvoker.java:92)
	at org.junit.jupiter.engine.execution.InterceptingExecutableInvoker.invoke(InterceptingExecutableInvoker.java:86)
	at org.junit.jupiter.engine.descriptor.TestMethodTestDescriptor.lambda$invokeTestMethod$7(TestMethodTestDescriptor.java:217)
	at org.junit.platform.engine.support.hierarchical.ThrowableCollector.execute(ThrowableCollector.java:73)
	at org.junit.jupiter.engine.descriptor.TestMethodTestDescriptor.invokeTestMethod(TestMethodTestDescriptor.java:213)
	at org.junit.jupiter.engine.descriptor.TestMethodTestDescriptor.execute(TestMethodTestDescriptor.java:138)
	at org.junit.jupiter.engine.descriptor.TestMethodTestDescriptor.execute(TestMethodTestDescriptor.java:68)
	at org.junit.platform.engine.support.hierarchical.NodeTestTask.lambda$executeRecursively$6(NodeTestTask.java:151)
	at org.junit.platform.engine.support.hierarchical.ThrowableCollector.execute(ThrowableCollector.java:73)
	at org.junit.platform.engine.support.hierarchical.NodeTestTask.lambda$executeRecursively$8(NodeTestTask.java:141)
	at org.junit.platform.engine.support.hierarchical.Node.around(Node.java:137)
	at org.junit.platform.engine.support.hierarchical.NodeTestTask.lambda$executeRecursively$9(NodeTestTask.java:139)
	at org.junit.platform.engine.support.hierarchical.ThrowableCollector.execute(ThrowableCollector.java:73)
	at org.junit.platform.engine.support.hierarchical.NodeTestTask.executeRecursively(NodeTestTask.java:138)
	at org.junit.platform.engine.support.hierarchical.NodeTestTask.execute(NodeTestTask.java:95)
	at java.base/java.util.ArrayList.forEach(ArrayList.java:1596)
	at org.junit.platform.engine.support.hierarchical.SameThreadHierarchicalTestExecutorService.invokeAll(SameThreadHierarchicalTestExecutorService.java:41)
	at org.junit.platform.engine.support.hierarchical.NodeTestTask.lambda$executeRecursively$6(NodeTestTask.java:155)
	at org.junit.platform.engine.support.hierarchical.ThrowableCollector.execute(ThrowableCollector.java:73)
	at org.junit.platform.engine.support.hierarchical.NodeTestTask.lambda$executeRecursively$8(NodeTestTask.java:141)
	at org.junit.platform.engine.support.hierarchical.Node.around(Node.java:137)
	at org.junit.platform.engine.support.hierarchical.NodeTestTask.lambda$executeRecursively$9(NodeTestTask.java:139)
	at org.junit.platform.engine.support.hierarchical.ThrowableCollector.execute(ThrowableCollector.java:73)
	at org.junit.platform.engine.support.hierarchical.NodeTestTask.executeRecursively(NodeTestTask.java:138)
	at org.junit.platform.engine.support.hierarchical.NodeTestTask.execute(NodeTestTask.java:95)
	at java.base/java.util.ArrayList.forEach(ArrayList.java:1596)
	at org.junit.platform.engine.support.hierarchical.SameThreadHierarchicalTestExecutorService.invokeAll(SameThreadHierarchicalTestExecutorService.java:41)
	at org.junit.platform.engine.support.hierarchical.NodeTestTask.lambda$executeRecursively$6(NodeTestTask.java:155)
	at org.junit.platform.engine.support.hierarchical.ThrowableCollector.execute(ThrowableCollector.java:73)
	at org.junit.platform.engine.support.hierarchical.NodeTestTask.lambda$executeRecursively$8(NodeTestTask.java:141)
	at org.junit.platform.engine.support.hierarchical.Node.around(Node.java:137)
	at org.junit.platform.engine.support.hierarchical.NodeTestTask.lambda$executeRecursively$9(NodeTestTask.java:139)
	at org.junit.platform.engine.support.hierarchical.ThrowableCollector.execute(ThrowableCollector.java:73)
	at org.junit.platform.engine.support.hierarchical.NodeTestTask.executeRecursively(NodeTestTask.java:138)
	at org.junit.platform.engine.support.hierarchical.NodeTestTask.execute(NodeTestTask.java:95)
	at org.junit.platform.engine.support.hierarchical.SameThreadHierarchicalTestExecutorService.submit(SameThreadHierarchicalTestExecutorService.java:35)
	at org.junit.platform.engine.support.hierarchical.HierarchicalTestExecutor.execute(HierarchicalTestExecutor.java:57)
	at org.junit.platform.engine.support.hierarchical.HierarchicalTestEngine.execute(HierarchicalTestEngine.java:54)
	at org.junit.platform.launcher.core.EngineExecutionOrchestrator.execute(EngineExecutionOrchestrator.java:147)
	at org.junit.platform.launcher.core.EngineExecutionOrchestrator.execute(EngineExecutionOrchestrator.java:127)
	at org.junit.platform.launcher.core.EngineExecutionOrchestrator.execute(EngineExecutionOrchestrator.java:90)
	at org.junit.platform.launcher.core.EngineExecutionOrchestrator.lambda$execute$0(EngineExecutionOrchestrator.java:55)
	at org.junit.platform.launcher.core.EngineExecutionOrchestrator.withInterceptedStreams(EngineExecutionOrchestrator.java:102)
	at org.junit.platform.launcher.core.EngineExecutionOrchestrator.execute(EngineExecutionOrchestrator.java:54)
	at org.junit.platform.launcher.core.DefaultLauncher.execute(DefaultLauncher.java:114)
	at org.junit.platform.launcher.core.DefaultLauncher.execute(DefaultLauncher.java:86)
	at org.junit.platform.launcher.core.DefaultLauncherSession$DelegatingLauncher.execute(DefaultLauncherSession.java:86)
	at org.apache.maven.surefire.junitplatform.LazyLauncher.execute(LazyLauncher.java:56)
	at org.apache.maven.surefire.junitplatform.JUnitPlatformProvider.execute(JUnitPlatformProvider.java:184)
	at org.apache.maven.surefire.junitplatform.JUnitPlatformProvider.invokeAllTests(JUnitPlatformProvider.java:148)
	at org.apache.maven.surefire.junitplatform.JUnitPlatformProvider.invoke(JUnitPlatformProvider.java:122)
	at org.apache.maven.surefire.booter.ForkedBooter.runSuitesInProcess(ForkedBooter.java:385)
	at org.apache.maven.surefire.booter.ForkedBooter.execute(ForkedBooter.java:162)
	at org.apache.maven.surefire.booter.ForkedBooter.run(ForkedBooter.java:507)
	at org.apache.maven.surefire.booter.ForkedBooter.main(ForkedBooter.java:495)
Caused by: java.lang.UnsupportedOperationException: TODO: generarLiquidacion
	at ar.edu.utn.frc.k5a.parcial.servicios.LiquidacionServiceImpl.generarLiquidacion(LiquidacionServiceImpl.java:56)
	at ar.edu.utn.frc.k5a.parcial.servicios.LiquidacionServiceImplTest.lambda$testTarjetaInexistente$0(LiquidacionServiceImplTest.java:59)
	at org.junit.jupiter.api.AssertThrows.assertThrows(AssertThrows.java:53)
	... 72 more
]]></failure>
    <system-out><![CDATA[Hibernate: 
    drop table if exists CONSUMOS cascade 
Hibernate: 
    drop table if exists COTIZACIONES cascade 
Hibernate: 
    drop table if exists LIQUIDACIONES cascade 
Hibernate: 
    drop table if exists TARJETAS cascade 
Hibernate: 
    CREATE TABLE COTIZACIONES (
        MONEDA VARCHAR(3) PRIMARY KEY,
        TASA_CAMBIO FLOAT NOT NULL
    )
Hibernate: 
    CREATE TABLE TARJETAS (
        ID BIGINT AUTO_INCREMENT PRIMARY KEY,
        NUMERO VARCHAR(16) NOT NULL UNIQUE,
        TITULAR VARCHAR(100) NOT NULL,
        LIMITE_CREDITO FLOAT NOT NULL
    )
Hibernate: 
    CREATE TABLE CONSUMOS (
        ID BIGINT AUTO_INCREMENT PRIMARY KEY,
        ID_TARJETA BIGINT NOT NULL,
        MONTO FLOAT NOT NULL,
        DIA INT NOT NULL,
        MES INT NOT NULL,
        ANIO INT NOT NULL,
        RUBRO VARCHAR(20) NOT NULL,
        MONEDA VARCHAR(3) NOT NULL,
        CONSTRAINT fk_consumo_tarjeta FOREIGN KEY (ID_TARJETA) REFERENCES TARJETAS(ID)
    )
Hibernate: 
    CREATE TABLE LIQUIDACIONES (
        ID BIGINT AUTO_INCREMENT PRIMARY KEY,
        ID_TARJETA BIGINT NOT NULL,
        MES INT NOT NULL,
        ANIO INT NOT NULL,
        TOTAL_A_PAGAR FLOAT NOT NULL,
        TOTAL_CONSUMOS FLOAT NOT NULL,
        TOTAL_IMPUESTOS FLOAT NOT NULL,
        TOTAL_DESCUENTOS FLOAT NOT NULL,
        CONSTRAINT fk_liquidacion_tarjeta FOREIGN KEY (ID_TARJETA) REFERENCES TARJETAS(ID)
    )
Hibernate: INSERT INTO COTIZACIONES (MONEDA, TASA_CAMBIO) VALUES ('ARS', 1.00), ('USD', 1550.00), ('EUR', 1680.00), ('BRL', 280.00), ('CLP', 1.45)
Hibernate: INSERT INTO TARJETAS (NUMERO, TITULAR, LIMITE_CREDITO) VALUES ('4500123412340001', 'Juan Perez', 1500000.0), ('4500123412340002', 'Maria Gomez', 1200000.0), ('4500123412340003', 'Carlos Diaz', 2000000.0), ('4500123412340004', 'Ana Martinez', 800000.0), ('4500123412340005', 'Pedro Sanchez', 1000000.0), ('4500123412340006', 'Laura Torres', 950000.0), ('4500123412340007', 'Diego Lopez', 1100000.0), ('4500123412340008', 'Sofia Ramirez', 1300000.0), ('4500123412340009', 'Jorge Romero', 1600000.0), ('4500123412340010', 'Lucia Fernandez', 1800000.0)
Hibernate: INSERT INTO CONSUMOS (ID_TARJETA, MONTO, DIA, MES, ANIO, RUBRO, MONEDA) VALUES (1, 4500.0, 1, 5, 2026, 'SUPERMERCADO', 'ARS'), (1, 20.0, 2, 5, 2026, 'OTROS', 'USD'), (1, 8000.0, 3, 5, 2026, 'COMBUSTIBLE', 'ARS'), (1, 55.0, 5, 5, 2026, 'INDUMENTARIA', 'EUR'), (1, 12000.0, 6, 5, 2026, 'RESTAURANTES', 'ARS'), (1, 3500.0, 8, 5, 2026, 'SUPERMERCADO', 'ARS'), (1, 15.0, 10, 5, 2026, 'OTROS', 'USD'), (1, 9000.0, 12, 5, 2026, 'COMBUSTIBLE', 'ARS'), (1, 40.0, 14, 5, 2026, 'INDUMENTARIA', 'EUR'), (1, 15000.0, 16, 5, 2026, 'RESTAURANTES', 'ARS'), (1, 5500.0, 18, 5, 2026, 'SUPERMERCADO', 'ARS'), (1, 25.0, 20, 5, 2026, 'OTROS', 'USD'), (1, 7500.0, 22, 5, 2026, 'COMBUSTIBLE', 'ARS'), (1, 60.0, 25, 5, 2026, 'INDUMENTARIA', 'EUR'), (1, 18000.0, 28, 5, 2026, 'RESTAURANTES', 'ARS')
Hibernate: INSERT INTO CONSUMOS (ID_TARJETA, MONTO, DIA, MES, ANIO, RUBRO, MONEDA) VALUES (2, 45000.0, 1, 5, 2026, 'INDUMENTARIA', 'ARS'), (2, 12.5, 4, 5, 2026, 'OTROS', 'USD'), (2, 30000.0, 8, 5, 2026, 'SUPERMERCADO', 'ARS'), (2, 5000.0, 12, 5, 2026, 'COMBUSTIBLE', 'ARS'), (2, 100.0, 18, 5, 2026, 'RESTAURANTES', 'BRL'), (2, 22000.0, 22, 5, 2026, 'SUPERMERCADO', 'ARS'), (2, 15.0, 28, 5, 2026, 'OTROS', 'USD')
Hibernate: INSERT INTO CONSUMOS (ID_TARJETA, MONTO, DIA, MES, ANIO, RUBRO, MONEDA) VALUES (3, 120.0, 5, 5, 2026, 'OTROS', 'USD'), (3, 45.0, 6, 5, 2026, 'SUPERMERCADO', 'EUR'), (3, 800.0, 10, 5, 2026, 'RESTAURANTES', 'BRL'), (3, 15000.0, 12, 5, 2026, 'OTROS', 'CLP'), (3, 15.0, 25, 5, 2026, 'INDUMENTARIA', 'USD'), (3, 60000.0, 28, 5, 2026, 'COMBUSTIBLE', 'ARS')
Hibernate: INSERT INTO CONSUMOS (ID_TARJETA, MONTO, DIA, MES, ANIO, RUBRO, MONEDA) VALUES (4, 20000.0, 15, 4, 2026, 'OTROS', 'ARS'), (4, 5000.0, 28, 4, 2026, 'COMBUSTIBLE', 'ARS'), (4, 35000.0, 2, 5, 2026, 'SUPERMERCADO', 'ARS'), (4, 10000.0, 18, 5, 2026, 'RESTAURANTES', 'ARS'), (4, 25.0, 20, 5, 2026, 'INDUMENTARIA', 'USD')
Hibernate: INSERT INTO CONSUMOS (ID_TARJETA, MONTO, DIA, MES, ANIO, RUBRO, MONEDA) VALUES (5, 10000.0, 1, 5, 2026, 'SUPERMERCADO', 'ARS'), (5, 15000.0, 8, 5, 2026, 'SUPERMERCADO', 'ARS'), (5, 22000.0, 15, 5, 2026, 'SUPERMERCADO', 'ARS'), (5, 8000.0, 22, 5, 2026, 'SUPERMERCADO', 'ARS'), (5, 4000.0, 23, 5, 2026, 'COMBUSTIBLE', 'ARS'), (5, 12000.0, 25, 5, 2026, 'RESTAURANTES', 'ARS'), (5, 50.0, 27, 5, 2026, 'OTROS', 'USD'), (5, 18000.0, 29, 5, 2026, 'INDUMENTARIA', 'ARS')
Hibernate: INSERT INTO CONSUMOS (ID_TARJETA, MONTO, DIA, MES, ANIO, RUBRO, MONEDA) VALUES (6, 25000.0, 2, 5, 2026, 'OTROS', 'ARS'), (6, 45.0, 10, 5, 2026, 'INDUMENTARIA', 'EUR'), (6, 32000.0, 15, 5, 2026, 'SUPERMERCADO', 'ARS'), (6, 8500.0, 20, 5, 2026, 'COMBUSTIBLE', 'ARS'), (6, 120.0, 28, 5, 2026, 'RESTAURANTES', 'BRL'), (6, 4000.0, 3, 5, 2026, 'OTROS', 'ARS'), (6, 25.0, 6, 5, 2026, 'INDUMENTARIA', 'USD'), (6, 15000.0, 12, 5, 2026, 'SUPERMERCADO', 'ARS'), (6, 6500.0, 18, 5, 2026, 'COMBUSTIBLE', 'ARS'), (6, 80.0, 22, 5, 2026, 'RESTAURANTES', 'EUR'), (6, 12000.0, 25, 5, 2026, 'OTROS', 'ARS'), (6, 35.0, 27, 5, 2026, 'INDUMENTARIA', 'USD')
Hibernate: INSERT INTO CONSUMOS (ID_TARJETA, MONTO, DIA, MES, ANIO, RUBRO, MONEDA) VALUES (7, 5000.0, 3, 5, 2026, 'RESTAURANTES', 'ARS'), (7, 8000.0, 5, 5, 2026, 'SUPERMERCADO', 'ARS'), (7, 12000.0, 8, 5, 2026, 'COMBUSTIBLE', 'ARS'), (7, 4500.0, 12, 5, 2026, 'OTROS', 'ARS'), (7, 25000.0, 15, 5, 2026, 'INDUMENTARIA', 'ARS'), (7, 10.0, 18, 5, 2026, 'OTROS', 'USD'), (7, 30000.0, 22, 5, 2026, 'SUPERMERCADO', 'ARS'), (7, 7500.0, 25, 5, 2026, 'RESTAURANTES', 'ARS'), (7, 15000.0, 28, 5, 2026, 'COMBUSTIBLE', 'ARS')
Hibernate: INSERT INTO CONSUMOS (ID_TARJETA, MONTO, DIA, MES, ANIO, RUBRO, MONEDA) VALUES (8, 40000.0, 3, 5, 2026, 'COMBUSTIBLE', 'ARS'), (8, 55000.0, 14, 5, 2026, 'INDUMENTARIA', 'ARS'), (8, 20.0, 21, 5, 2026, 'OTROS', 'USD'), (8, 15000.0, 24, 5, 2026, 'SUPERMERCADO', 'ARS'), (8, 12000.0, 26, 5, 2026, 'RESTAURANTES', 'ARS'), (8, 30.0, 28, 5, 2026, 'OTROS', 'EUR')
Hibernate: INSERT INTO CONSUMOS (ID_TARJETA, MONTO, DIA, MES, ANIO, RUBRO, MONEDA) VALUES (9, 15000.0, 5, 5, 2026, 'SUPERMERCADO', 'ARS'), (9, 30.0, 11, 5, 2026, 'OTROS', 'EUR'), (9, 8500.0, 15, 5, 2026, 'COMBUSTIBLE', 'ARS'), (9, 22000.0, 18, 5, 2026, 'INDUMENTARIA', 'ARS'), (9, 45.0, 20, 5, 2026, 'RESTAURANTES', 'USD'), (9, 12000.0, 25, 5, 2026, 'SUPERMERCADO', 'ARS'), (9, 5000.0, 28, 5, 2026, 'OTROS', 'ARS')
Hibernate: INSERT INTO CONSUMOS (ID_TARJETA, MONTO, DIA, MES, ANIO, RUBRO, MONEDA) VALUES (10, 50000.0, 2, 5, 2026, 'OTROS', 'ARS'), (10, 100.0, 5, 5, 2026, 'RESTAURANTES', 'USD'), (10, 200.0, 10, 5, 2026, 'SUPERMERCADO', 'BRL'), (10, 25000.0, 28, 5, 2026, 'COMBUSTIBLE', 'ARS'), (10, 15000.0, 4, 5, 2026, 'INDUMENTARIA', 'ARS'), (10, 8000.0, 8, 5, 2026, 'SUPERMERCADO', 'ARS'), (10, 45.0, 12, 5, 2026, 'OTROS', 'EUR'), (10, 32000.0, 16, 5, 2026, 'COMBUSTIBLE', 'ARS'), (10, 18000.0, 20, 5, 2026, 'RESTAURANTES', 'ARS'), (10, 5500.0, 24, 5, 2026, 'OTROS', 'ARS'), (10, 120.0, 26, 5, 2026, 'INDUMENTARIA', 'BRL')
Hibernate: INSERT INTO LIQUIDACIONES (ID_TARJETA, MES, ANIO, TOTAL_A_PAGAR, TOTAL_CONSUMOS, TOTAL_IMPUESTOS, TOTAL_DESCUENTOS) VALUES (1, 5, 2026, 475385.0, 436400.0, 43935.0, 4950.0)
Hibernate: INSERT INTO LIQUIDACIONES (ID_TARJETA, MES, ANIO, TOTAL_A_PAGAR, TOTAL_CONSUMOS, TOTAL_IMPUESTOS, TOTAL_DESCUENTOS) VALUES (2, 5, 2026, 192591.88, 172625.0, 26716.88, 6750.0)
Hibernate: INSERT INTO LIQUIDACIONES (ID_TARJETA, MES, ANIO, TOTAL_A_PAGAR, TOTAL_CONSUMOS, TOTAL_IMPUESTOS, TOTAL_DESCUENTOS) VALUES (3, 5, 2026, 642245.0, 590600.0, 52395.0, 750.0)
Hibernate: INSERT INTO LIQUIDACIONES (ID_TARJETA, MES, ANIO, TOTAL_A_PAGAR, TOTAL_CONSUMOS, TOTAL_IMPUESTOS, TOTAL_DESCUENTOS) VALUES (4, 4, 2026, 31900.0, 25000.0, 7650.0, 750.0)
Hibernate: INSERT INTO LIQUIDACIONES (ID_TARJETA, MES, ANIO, TOTAL_A_PAGAR, TOTAL_CONSUMOS, TOTAL_IMPUESTOS, TOTAL_DESCUENTOS) VALUES (4, 5, 2026, 93106.25, 83750.0, 12356.25, 3000.0)
Hibernate: INSERT INTO LIQUIDACIONES (ID_TARJETA, MES, ANIO, TOTAL_A_PAGAR, TOTAL_CONSUMOS, TOTAL_IMPUESTOS, TOTAL_DESCUENTOS) VALUES (5, 5, 2026, 180802.5, 166500.0, 24502.5, 10200.0)
Hibernate: 
    select
        c1_0.MONEDA,
        c1_0.TASA_CAMBIO 
    from
        COTIZACIONES c1_0
]]></system-out>
    <system-err><![CDATA[Jun 30, 2026 8:51:03 PM org.hibernate.jpa.internal.util.LogHelper logPersistenceUnitInformation
INFO: HHH000204: Processing PersistenceUnitInfo [name: LiquidacionesPU]
Jun 30, 2026 8:51:03 PM org.hibernate.cache.internal.RegionFactoryInitiator initiateService
INFO: HHH000026: Second-level cache disabled
Jun 30, 2026 8:51:03 PM org.hibernate.engine.jdbc.connections.internal.DriverManagerConnectionProviderImpl configure
WARN: HHH10001002: Using built-in connection pool (not intended for production use)
Jun 30, 2026 8:51:03 PM org.hibernate.engine.jdbc.connections.internal.DriverManagerConnectionProviderImpl buildCreator
INFO: HHH10001005: Loaded JDBC driver class: org.h2.Driver
Jun 30, 2026 8:51:03 PM org.hibernate.engine.jdbc.connections.internal.DriverManagerConnectionProviderImpl buildCreator
INFO: HHH10001012: Connecting with JDBC URL [jdbc:h2:mem:liquidaciones;DB_CLOSE_DELAY=-1]
Jun 30, 2026 8:51:03 PM org.hibernate.engine.jdbc.connections.internal.DriverManagerConnectionProviderImpl buildCreator
INFO: HHH10001001: Connection properties: {password=****, user=sa}
Jun 30, 2026 8:51:03 PM org.hibernate.engine.jdbc.connections.internal.DriverManagerConnectionProviderImpl buildCreator
INFO: HHH10001003: Autocommit mode: false
Jun 30, 2026 8:51:03 PM org.hibernate.engine.jdbc.connections.internal.DriverManagerConnectionProviderImpl$PooledConnections <init>
INFO: HHH10001115: Connection pool size: 20 (min=1)
Jun 30, 2026 8:51:03 PM org.hibernate.engine.transaction.jta.platform.internal.JtaPlatformInitiator initiateService
INFO: HHH000489: No JTA platform available (set 'hibernate.transaction.jta.platform' to enable JTA platform integration)
Jun 30, 2026 8:51:03 PM org.hibernate.resource.transaction.backend.jdbc.internal.DdlTransactionIsolatorNonJtaImpl getIsolatedConnection
INFO: HHH10001501: Connection obtained from JdbcConnectionAccess [org.hibernate.engine.jdbc.env.internal.JdbcEnvironmentInitiator$ConnectionProviderJdbcConnectionAccess@2375a976] for (non-JTA) DDL execution was not in auto-commit mode; the Connection 'local transaction' will be committed and the Connection will be set into auto-commit mode.
Jun 30, 2026 8:51:03 PM org.hibernate.resource.transaction.backend.jdbc.internal.DdlTransactionIsolatorNonJtaImpl getIsolatedConnection
INFO: HHH10001501: Connection obtained from JdbcConnectionAccess [org.hibernate.engine.jdbc.env.internal.JdbcEnvironmentInitiator$ConnectionProviderJdbcConnectionAccess@4bc21e34] for (non-JTA) DDL execution was not in auto-commit mode; the Connection 'local transaction' will be committed and the Connection will be set into auto-commit mode.
Jun 30, 2026 8:51:03 PM org.hibernate.engine.jdbc.connections.internal.DriverManagerConnectionProviderImpl$PoolState stop
INFO: HHH10001008: Cleaning up connection pool [jdbc:h2:mem:liquidaciones;DB_CLOSE_DELAY=-1]
]]></system-err>
  </testcase>
  <testcase name="testGetLiquidacionesPendientes" classname="ar.edu.utn.frc.k5a.parcial.servicios.LiquidacionServiceImplTest" time="0.103">
    <error message="TODO: getLiquidacionesPendientes" type="java.lang.UnsupportedOperationException"><![CDATA[java.lang.UnsupportedOperationException: TODO: getLiquidacionesPendientes
	at ar.edu.utn.frc.k5a.parcial.servicios.LiquidacionServiceImpl.getLiquidacionesPendientes(LiquidacionServiceImpl.java:62)
	at ar.edu.utn.frc.k5a.parcial.servicios.LiquidacionServiceImplTest.testGetLiquidacionesPendientes(LiquidacionServiceImplTest.java:83)
	at java.base/jdk.internal.reflect.DirectMethodHandleAccessor.invoke(DirectMethodHandleAccessor.java:103)
	at java.base/java.lang.reflect.Method.invoke(Method.java:580)
	at org.junit.platform.commons.util.ReflectionUtils.invokeMethod(ReflectionUtils.java:727)
	at org.junit.jupiter.engine.execution.MethodInvocation.proceed(MethodInvocation.java:60)
	at org.junit.jupiter.engine.execution.InvocationInterceptorChain$ValidatingInvocation.proceed(InvocationInterceptorChain.java:131)
	at org.junit.jupiter.engine.extension.TimeoutExtension.intercept(TimeoutExtension.java:156)
	at org.junit.jupiter.engine.extension.TimeoutExtension.interceptTestableMethod(TimeoutExtension.java:147)
	at org.junit.jupiter.engine.extension.TimeoutExtension.interceptTestMethod(TimeoutExtension.java:86)
	at org.junit.jupiter.engine.execution.InterceptingExecutableInvoker$ReflectiveInterceptorCall.lambda$ofVoidMethod$0(InterceptingExecutableInvoker.java:103)
	at org.junit.jupiter.engine.execution.InterceptingExecutableInvoker.lambda$invoke$0(InterceptingExecutableInvoker.java:93)
	at org.junit.jupiter.engine.execution.InvocationInterceptorChain$InterceptedInvocation.proceed(InvocationInterceptorChain.java:106)
	at org.junit.jupiter.engine.execution.InvocationInterceptorChain.proceed(InvocationInterceptorChain.java:64)
	at org.junit.jupiter.engine.execution.InvocationInterceptorChain.chainAndInvoke(InvocationInterceptorChain.java:45)
	at org.junit.jupiter.engine.execution.InvocationInterceptorChain.invoke(InvocationInterceptorChain.java:37)
	at org.junit.jupiter.engine.execution.InterceptingExecutableInvoker.invoke(InterceptingExecutableInvoker.java:92)
	at org.junit.jupiter.engine.execution.InterceptingExecutableInvoker.invoke(InterceptingExecutableInvoker.java:86)
	at org.junit.jupiter.engine.descriptor.TestMethodTestDescriptor.lambda$invokeTestMethod$7(TestMethodTestDescriptor.java:217)
	at org.junit.platform.engine.support.hierarchical.ThrowableCollector.execute(ThrowableCollector.java:73)
	at org.junit.jupiter.engine.descriptor.TestMethodTestDescriptor.invokeTestMethod(TestMethodTestDescriptor.java:213)
	at org.junit.jupiter.engine.descriptor.TestMethodTestDescriptor.execute(TestMethodTestDescriptor.java:138)
	at org.junit.jupiter.engine.descriptor.TestMethodTestDescriptor.execute(TestMethodTestDescriptor.java:68)
	at org.junit.platform.engine.support.hierarchical.NodeTestTask.lambda$executeRecursively$6(NodeTestTask.java:151)
	at org.junit.platform.engine.support.hierarchical.ThrowableCollector.execute(ThrowableCollector.java:73)
	at org.junit.platform.engine.support.hierarchical.NodeTestTask.lambda$executeRecursively$8(NodeTestTask.java:141)
	at org.junit.platform.engine.support.hierarchical.Node.around(Node.java:137)
	at org.junit.platform.engine.support.hierarchical.NodeTestTask.lambda$executeRecursively$9(NodeTestTask.java:139)
	at org.junit.platform.engine.support.hierarchical.ThrowableCollector.execute(ThrowableCollector.java:73)
	at org.junit.platform.engine.support.hierarchical.NodeTestTask.executeRecursively(NodeTestTask.java:138)
	at org.junit.platform.engine.support.hierarchical.NodeTestTask.execute(NodeTestTask.java:95)
	at java.base/java.util.ArrayList.forEach(ArrayList.java:1596)
	at org.junit.platform.engine.support.hierarchical.SameThreadHierarchicalTestExecutorService.invokeAll(SameThreadHierarchicalTestExecutorService.java:41)
	at org.junit.platform.engine.support.hierarchical.NodeTestTask.lambda$executeRecursively$6(NodeTestTask.java:155)
	at org.junit.platform.engine.support.hierarchical.ThrowableCollector.execute(ThrowableCollector.java:73)
	at org.junit.platform.engine.support.hierarchical.NodeTestTask.lambda$executeRecursively$8(NodeTestTask.java:141)
	at org.junit.platform.engine.support.hierarchical.Node.around(Node.java:137)
	at org.junit.platform.engine.support.hierarchical.NodeTestTask.lambda$executeRecursively$9(NodeTestTask.java:139)
	at org.junit.platform.engine.support.hierarchical.ThrowableCollector.execute(ThrowableCollector.java:73)
	at org.junit.platform.engine.support.hierarchical.NodeTestTask.executeRecursively(NodeTestTask.java:138)
	at org.junit.platform.engine.support.hierarchical.NodeTestTask.execute(NodeTestTask.java:95)
	at java.base/java.util.ArrayList.forEach(ArrayList.java:1596)
	at org.junit.platform.engine.support.hierarchical.SameThreadHierarchicalTestExecutorService.invokeAll(SameThreadHierarchicalTestExecutorService.java:41)
	at org.junit.platform.engine.support.hierarchical.NodeTestTask.lambda$executeRecursively$6(NodeTestTask.java:155)
	at org.junit.platform.engine.support.hierarchical.ThrowableCollector.execute(ThrowableCollector.java:73)
	at org.junit.platform.engine.support.hierarchical.NodeTestTask.lambda$executeRecursively$8(NodeTestTask.java:141)
	at org.junit.platform.engine.support.hierarchical.Node.around(Node.java:137)
	at org.junit.platform.engine.support.hierarchical.NodeTestTask.lambda$executeRecursively$9(NodeTestTask.java:139)
	at org.junit.platform.engine.support.hierarchical.ThrowableCollector.execute(ThrowableCollector.java:73)
	at org.junit.platform.engine.support.hierarchical.NodeTestTask.executeRecursively(NodeTestTask.java:138)
	at org.junit.platform.engine.support.hierarchical.NodeTestTask.execute(NodeTestTask.java:95)
	at org.junit.platform.engine.support.hierarchical.SameThreadHierarchicalTestExecutorService.submit(SameThreadHierarchicalTestExecutorService.java:35)
	at org.junit.platform.engine.support.hierarchical.HierarchicalTestExecutor.execute(HierarchicalTestExecutor.java:57)
	at org.junit.platform.engine.support.hierarchical.HierarchicalTestEngine.execute(HierarchicalTestEngine.java:54)
	at org.junit.platform.launcher.core.EngineExecutionOrchestrator.execute(EngineExecutionOrchestrator.java:147)
	at org.junit.platform.launcher.core.EngineExecutionOrchestrator.execute(EngineExecutionOrchestrator.java:127)
	at org.junit.platform.launcher.core.EngineExecutionOrchestrator.execute(EngineExecutionOrchestrator.java:90)
	at org.junit.platform.launcher.core.EngineExecutionOrchestrator.lambda$execute$0(EngineExecutionOrchestrator.java:55)
	at org.junit.platform.launcher.core.EngineExecutionOrchestrator.withInterceptedStreams(EngineExecutionOrchestrator.java:102)
	at org.junit.platform.launcher.core.EngineExecutionOrchestrator.execute(EngineExecutionOrchestrator.java:54)
	at org.junit.platform.launcher.core.DefaultLauncher.execute(DefaultLauncher.java:114)
	at org.junit.platform.launcher.core.DefaultLauncher.execute(DefaultLauncher.java:86)
	at org.junit.platform.launcher.core.DefaultLauncherSession$DelegatingLauncher.execute(DefaultLauncherSession.java:86)
	at org.apache.maven.surefire.junitplatform.LazyLauncher.execute(LazyLauncher.java:56)
	at org.apache.maven.surefire.junitplatform.JUnitPlatformProvider.execute(JUnitPlatformProvider.java:184)
	at org.apache.maven.surefire.junitplatform.JUnitPlatformProvider.invokeAllTests(JUnitPlatformProvider.java:148)
	at org.apache.maven.surefire.junitplatform.JUnitPlatformProvider.invoke(JUnitPlatformProvider.java:122)
	at org.apache.maven.surefire.booter.ForkedBooter.runSuitesInProcess(ForkedBooter.java:385)
	at org.apache.maven.surefire.booter.ForkedBooter.execute(ForkedBooter.java:162)
	at org.apache.maven.surefire.booter.ForkedBooter.run(ForkedBooter.java:507)
	at org.apache.maven.surefire.booter.ForkedBooter.main(ForkedBooter.java:495)
]]></error>
    <system-out><![CDATA[Hibernate: 
    drop table if exists CONSUMOS cascade 
Hibernate: 
    drop table if exists COTIZACIONES cascade 
Hibernate: 
    drop table if exists LIQUIDACIONES cascade 
Hibernate: 
    drop table if exists TARJETAS cascade 
Hibernate: 
    CREATE TABLE COTIZACIONES (
        MONEDA VARCHAR(3) PRIMARY KEY,
        TASA_CAMBIO FLOAT NOT NULL
    )
Hibernate: 
    CREATE TABLE TARJETAS (
        ID BIGINT AUTO_INCREMENT PRIMARY KEY,
        NUMERO VARCHAR(16) NOT NULL UNIQUE,
        TITULAR VARCHAR(100) NOT NULL,
        LIMITE_CREDITO FLOAT NOT NULL
    )
Hibernate: 
    CREATE TABLE CONSUMOS (
        ID BIGINT AUTO_INCREMENT PRIMARY KEY,
        ID_TARJETA BIGINT NOT NULL,
        MONTO FLOAT NOT NULL,
        DIA INT NOT NULL,
        MES INT NOT NULL,
        ANIO INT NOT NULL,
        RUBRO VARCHAR(20) NOT NULL,
        MONEDA VARCHAR(3) NOT NULL,
        CONSTRAINT fk_consumo_tarjeta FOREIGN KEY (ID_TARJETA) REFERENCES TARJETAS(ID)
    )
Hibernate: 
    CREATE TABLE LIQUIDACIONES (
        ID BIGINT AUTO_INCREMENT PRIMARY KEY,
        ID_TARJETA BIGINT NOT NULL,
        MES INT NOT NULL,
        ANIO INT NOT NULL,
        TOTAL_A_PAGAR FLOAT NOT NULL,
        TOTAL_CONSUMOS FLOAT NOT NULL,
        TOTAL_IMPUESTOS FLOAT NOT NULL,
        TOTAL_DESCUENTOS FLOAT NOT NULL,
        CONSTRAINT fk_liquidacion_tarjeta FOREIGN KEY (ID_TARJETA) REFERENCES TARJETAS(ID)
    )
Hibernate: INSERT INTO COTIZACIONES (MONEDA, TASA_CAMBIO) VALUES ('ARS', 1.00), ('USD', 1550.00), ('EUR', 1680.00), ('BRL', 280.00), ('CLP', 1.45)
Hibernate: INSERT INTO TARJETAS (NUMERO, TITULAR, LIMITE_CREDITO) VALUES ('4500123412340001', 'Juan Perez', 1500000.0), ('4500123412340002', 'Maria Gomez', 1200000.0), ('4500123412340003', 'Carlos Diaz', 2000000.0), ('4500123412340004', 'Ana Martinez', 800000.0), ('4500123412340005', 'Pedro Sanchez', 1000000.0), ('4500123412340006', 'Laura Torres', 950000.0), ('4500123412340007', 'Diego Lopez', 1100000.0), ('4500123412340008', 'Sofia Ramirez', 1300000.0), ('4500123412340009', 'Jorge Romero', 1600000.0), ('4500123412340010', 'Lucia Fernandez', 1800000.0)
Hibernate: INSERT INTO CONSUMOS (ID_TARJETA, MONTO, DIA, MES, ANIO, RUBRO, MONEDA) VALUES (1, 4500.0, 1, 5, 2026, 'SUPERMERCADO', 'ARS'), (1, 20.0, 2, 5, 2026, 'OTROS', 'USD'), (1, 8000.0, 3, 5, 2026, 'COMBUSTIBLE', 'ARS'), (1, 55.0, 5, 5, 2026, 'INDUMENTARIA', 'EUR'), (1, 12000.0, 6, 5, 2026, 'RESTAURANTES', 'ARS'), (1, 3500.0, 8, 5, 2026, 'SUPERMERCADO', 'ARS'), (1, 15.0, 10, 5, 2026, 'OTROS', 'USD'), (1, 9000.0, 12, 5, 2026, 'COMBUSTIBLE', 'ARS'), (1, 40.0, 14, 5, 2026, 'INDUMENTARIA', 'EUR'), (1, 15000.0, 16, 5, 2026, 'RESTAURANTES', 'ARS'), (1, 5500.0, 18, 5, 2026, 'SUPERMERCADO', 'ARS'), (1, 25.0, 20, 5, 2026, 'OTROS', 'USD'), (1, 7500.0, 22, 5, 2026, 'COMBUSTIBLE', 'ARS'), (1, 60.0, 25, 5, 2026, 'INDUMENTARIA', 'EUR'), (1, 18000.0, 28, 5, 2026, 'RESTAURANTES', 'ARS')
Hibernate: INSERT INTO CONSUMOS (ID_TARJETA, MONTO, DIA, MES, ANIO, RUBRO, MONEDA) VALUES (2, 45000.0, 1, 5, 2026, 'INDUMENTARIA', 'ARS'), (2, 12.5, 4, 5, 2026, 'OTROS', 'USD'), (2, 30000.0, 8, 5, 2026, 'SUPERMERCADO', 'ARS'), (2, 5000.0, 12, 5, 2026, 'COMBUSTIBLE', 'ARS'), (2, 100.0, 18, 5, 2026, 'RESTAURANTES', 'BRL'), (2, 22000.0, 22, 5, 2026, 'SUPERMERCADO', 'ARS'), (2, 15.0, 28, 5, 2026, 'OTROS', 'USD')
Hibernate: INSERT INTO CONSUMOS (ID_TARJETA, MONTO, DIA, MES, ANIO, RUBRO, MONEDA) VALUES (3, 120.0, 5, 5, 2026, 'OTROS', 'USD'), (3, 45.0, 6, 5, 2026, 'SUPERMERCADO', 'EUR'), (3, 800.0, 10, 5, 2026, 'RESTAURANTES', 'BRL'), (3, 15000.0, 12, 5, 2026, 'OTROS', 'CLP'), (3, 15.0, 25, 5, 2026, 'INDUMENTARIA', 'USD'), (3, 60000.0, 28, 5, 2026, 'COMBUSTIBLE', 'ARS')
Hibernate: INSERT INTO CONSUMOS (ID_TARJETA, MONTO, DIA, MES, ANIO, RUBRO, MONEDA) VALUES (4, 20000.0, 15, 4, 2026, 'OTROS', 'ARS'), (4, 5000.0, 28, 4, 2026, 'COMBUSTIBLE', 'ARS'), (4, 35000.0, 2, 5, 2026, 'SUPERMERCADO', 'ARS'), (4, 10000.0, 18, 5, 2026, 'RESTAURANTES', 'ARS'), (4, 25.0, 20, 5, 2026, 'INDUMENTARIA', 'USD')
Hibernate: INSERT INTO CONSUMOS (ID_TARJETA, MONTO, DIA, MES, ANIO, RUBRO, MONEDA) VALUES (5, 10000.0, 1, 5, 2026, 'SUPERMERCADO', 'ARS'), (5, 15000.0, 8, 5, 2026, 'SUPERMERCADO', 'ARS'), (5, 22000.0, 15, 5, 2026, 'SUPERMERCADO', 'ARS'), (5, 8000.0, 22, 5, 2026, 'SUPERMERCADO', 'ARS'), (5, 4000.0, 23, 5, 2026, 'COMBUSTIBLE', 'ARS'), (5, 12000.0, 25, 5, 2026, 'RESTAURANTES', 'ARS'), (5, 50.0, 27, 5, 2026, 'OTROS', 'USD'), (5, 18000.0, 29, 5, 2026, 'INDUMENTARIA', 'ARS')
Hibernate: INSERT INTO CONSUMOS (ID_TARJETA, MONTO, DIA, MES, ANIO, RUBRO, MONEDA) VALUES (6, 25000.0, 2, 5, 2026, 'OTROS', 'ARS'), (6, 45.0, 10, 5, 2026, 'INDUMENTARIA', 'EUR'), (6, 32000.0, 15, 5, 2026, 'SUPERMERCADO', 'ARS'), (6, 8500.0, 20, 5, 2026, 'COMBUSTIBLE', 'ARS'), (6, 120.0, 28, 5, 2026, 'RESTAURANTES', 'BRL'), (6, 4000.0, 3, 5, 2026, 'OTROS', 'ARS'), (6, 25.0, 6, 5, 2026, 'INDUMENTARIA', 'USD'), (6, 15000.0, 12, 5, 2026, 'SUPERMERCADO', 'ARS'), (6, 6500.0, 18, 5, 2026, 'COMBUSTIBLE', 'ARS'), (6, 80.0, 22, 5, 2026, 'RESTAURANTES', 'EUR'), (6, 12000.0, 25, 5, 2026, 'OTROS', 'ARS'), (6, 35.0, 27, 5, 2026, 'INDUMENTARIA', 'USD')
Hibernate: INSERT INTO CONSUMOS (ID_TARJETA, MONTO, DIA, MES, ANIO, RUBRO, MONEDA) VALUES (7, 5000.0, 3, 5, 2026, 'RESTAURANTES', 'ARS'), (7, 8000.0, 5, 5, 2026, 'SUPERMERCADO', 'ARS'), (7, 12000.0, 8, 5, 2026, 'COMBUSTIBLE', 'ARS'), (7, 4500.0, 12, 5, 2026, 'OTROS', 'ARS'), (7, 25000.0, 15, 5, 2026, 'INDUMENTARIA', 'ARS'), (7, 10.0, 18, 5, 2026, 'OTROS', 'USD'), (7, 30000.0, 22, 5, 2026, 'SUPERMERCADO', 'ARS'), (7, 7500.0, 25, 5, 2026, 'RESTAURANTES', 'ARS'), (7, 15000.0, 28, 5, 2026, 'COMBUSTIBLE', 'ARS')
Hibernate: INSERT INTO CONSUMOS (ID_TARJETA, MONTO, DIA, MES, ANIO, RUBRO, MONEDA) VALUES (8, 40000.0, 3, 5, 2026, 'COMBUSTIBLE', 'ARS'), (8, 55000.0, 14, 5, 2026, 'INDUMENTARIA', 'ARS'), (8, 20.0, 21, 5, 2026, 'OTROS', 'USD'), (8, 15000.0, 24, 5, 2026, 'SUPERMERCADO', 'ARS'), (8, 12000.0, 26, 5, 2026, 'RESTAURANTES', 'ARS'), (8, 30.0, 28, 5, 2026, 'OTROS', 'EUR')
Hibernate: INSERT INTO CONSUMOS (ID_TARJETA, MONTO, DIA, MES, ANIO, RUBRO, MONEDA) VALUES (9, 15000.0, 5, 5, 2026, 'SUPERMERCADO', 'ARS'), (9, 30.0, 11, 5, 2026, 'OTROS', 'EUR'), (9, 8500.0, 15, 5, 2026, 'COMBUSTIBLE', 'ARS'), (9, 22000.0, 18, 5, 2026, 'INDUMENTARIA', 'ARS'), (9, 45.0, 20, 5, 2026, 'RESTAURANTES', 'USD'), (9, 12000.0, 25, 5, 2026, 'SUPERMERCADO', 'ARS'), (9, 5000.0, 28, 5, 2026, 'OTROS', 'ARS')
Hibernate: INSERT INTO CONSUMOS (ID_TARJETA, MONTO, DIA, MES, ANIO, RUBRO, MONEDA) VALUES (10, 50000.0, 2, 5, 2026, 'OTROS', 'ARS'), (10, 100.0, 5, 5, 2026, 'RESTAURANTES', 'USD'), (10, 200.0, 10, 5, 2026, 'SUPERMERCADO', 'BRL'), (10, 25000.0, 28, 5, 2026, 'COMBUSTIBLE', 'ARS'), (10, 15000.0, 4, 5, 2026, 'INDUMENTARIA', 'ARS'), (10, 8000.0, 8, 5, 2026, 'SUPERMERCADO', 'ARS'), (10, 45.0, 12, 5, 2026, 'OTROS', 'EUR'), (10, 32000.0, 16, 5, 2026, 'COMBUSTIBLE', 'ARS'), (10, 18000.0, 20, 5, 2026, 'RESTAURANTES', 'ARS'), (10, 5500.0, 24, 5, 2026, 'OTROS', 'ARS'), (10, 120.0, 26, 5, 2026, 'INDUMENTARIA', 'BRL')
Hibernate: INSERT INTO LIQUIDACIONES (ID_TARJETA, MES, ANIO, TOTAL_A_PAGAR, TOTAL_CONSUMOS, TOTAL_IMPUESTOS, TOTAL_DESCUENTOS) VALUES (1, 5, 2026, 475385.0, 436400.0, 43935.0, 4950.0)
Hibernate: INSERT INTO LIQUIDACIONES (ID_TARJETA, MES, ANIO, TOTAL_A_PAGAR, TOTAL_CONSUMOS, TOTAL_IMPUESTOS, TOTAL_DESCUENTOS) VALUES (2, 5, 2026, 192591.88, 172625.0, 26716.88, 6750.0)
Hibernate: INSERT INTO LIQUIDACIONES (ID_TARJETA, MES, ANIO, TOTAL_A_PAGAR, TOTAL_CONSUMOS, TOTAL_IMPUESTOS, TOTAL_DESCUENTOS) VALUES (3, 5, 2026, 642245.0, 590600.0, 52395.0, 750.0)
Hibernate: INSERT INTO LIQUIDACIONES (ID_TARJETA, MES, ANIO, TOTAL_A_PAGAR, TOTAL_CONSUMOS, TOTAL_IMPUESTOS, TOTAL_DESCUENTOS) VALUES (4, 4, 2026, 31900.0, 25000.0, 7650.0, 750.0)
Hibernate: INSERT INTO LIQUIDACIONES (ID_TARJETA, MES, ANIO, TOTAL_A_PAGAR, TOTAL_CONSUMOS, TOTAL_IMPUESTOS, TOTAL_DESCUENTOS) VALUES (4, 5, 2026, 93106.25, 83750.0, 12356.25, 3000.0)
Hibernate: INSERT INTO LIQUIDACIONES (ID_TARJETA, MES, ANIO, TOTAL_A_PAGAR, TOTAL_CONSUMOS, TOTAL_IMPUESTOS, TOTAL_DESCUENTOS) VALUES (5, 5, 2026, 180802.5, 166500.0, 24502.5, 10200.0)
Hibernate: 
    select
        c1_0.MONEDA,
        c1_0.TASA_CAMBIO 
    from
        COTIZACIONES c1_0
]]></system-out>
    <system-err><![CDATA[Jun 30, 2026 8:51:03 PM org.hibernate.jpa.internal.util.LogHelper logPersistenceUnitInformation
INFO: HHH000204: Processing PersistenceUnitInfo [name: LiquidacionesPU]
Jun 30, 2026 8:51:03 PM org.hibernate.cache.internal.RegionFactoryInitiator initiateService
INFO: HHH000026: Second-level cache disabled
Jun 30, 2026 8:51:03 PM org.hibernate.engine.jdbc.connections.internal.DriverManagerConnectionProviderImpl configure
WARN: HHH10001002: Using built-in connection pool (not intended for production use)
Jun 30, 2026 8:51:03 PM org.hibernate.engine.jdbc.connections.internal.DriverManagerConnectionProviderImpl buildCreator
INFO: HHH10001005: Loaded JDBC driver class: org.h2.Driver
Jun 30, 2026 8:51:03 PM org.hibernate.engine.jdbc.connections.internal.DriverManagerConnectionProviderImpl buildCreator
INFO: HHH10001012: Connecting with JDBC URL [jdbc:h2:mem:liquidaciones;DB_CLOSE_DELAY=-1]
Jun 30, 2026 8:51:03 PM org.hibernate.engine.jdbc.connections.internal.DriverManagerConnectionProviderImpl buildCreator
INFO: HHH10001001: Connection properties: {password=****, user=sa}
Jun 30, 2026 8:51:03 PM org.hibernate.engine.jdbc.connections.internal.DriverManagerConnectionProviderImpl buildCreator
INFO: HHH10001003: Autocommit mode: false
Jun 30, 2026 8:51:03 PM org.hibernate.engine.jdbc.connections.internal.DriverManagerConnectionProviderImpl$PooledConnections <init>
INFO: HHH10001115: Connection pool size: 20 (min=1)
Jun 30, 2026 8:51:03 PM org.hibernate.engine.transaction.jta.platform.internal.JtaPlatformInitiator initiateService
INFO: HHH000489: No JTA platform available (set 'hibernate.transaction.jta.platform' to enable JTA platform integration)
Jun 30, 2026 8:51:03 PM org.hibernate.resource.transaction.backend.jdbc.internal.DdlTransactionIsolatorNonJtaImpl getIsolatedConnection
INFO: HHH10001501: Connection obtained from JdbcConnectionAccess [org.hibernate.engine.jdbc.env.internal.JdbcEnvironmentInitiator$ConnectionProviderJdbcConnectionAccess@11582db6] for (non-JTA) DDL execution was not in auto-commit mode; the Connection 'local transaction' will be committed and the Connection will be set into auto-commit mode.
Jun 30, 2026 8:51:03 PM org.hibernate.resource.transaction.backend.jdbc.internal.DdlTransactionIsolatorNonJtaImpl getIsolatedConnection
INFO: HHH10001501: Connection obtained from JdbcConnectionAccess [org.hibernate.engine.jdbc.env.internal.JdbcEnvironmentInitiator$ConnectionProviderJdbcConnectionAccess@44106e25] for (non-JTA) DDL execution was not in auto-commit mode; the Connection 'local transaction' will be committed and the Connection will be set into auto-commit mode.
Jun 30, 2026 8:51:03 PM org.hibernate.engine.jdbc.connections.internal.DriverManagerConnectionProviderImpl$PoolState stop
INFO: HHH10001008: Cleaning up connection pool [jdbc:h2:mem:liquidaciones;DB_CLOSE_DELAY=-1]
Jun 30, 2026 8:51:03 PM org.hibernate.engine.jdbc.connections.internal.DriverManagerConnectionProviderImpl$PooledConnections close
ERROR: Connection leak detected: there are 1 unclosed connections upon shutting down pool jdbc:h2:mem:liquidaciones;DB_CLOSE_DELAY=-1
Jun 30, 2026 8:51:03 PM org.hibernate.engine.jdbc.connections.internal.DriverManagerConnectionProviderImpl validateConnectionsReturned
ERROR: Connection leak detected: there are 1 unclosed connections
]]></system-err>
  </testcase>
</testsuite>